<?xml version="1.0" encoding="UTF-8"?>
<robot generator="Robot 4.1.3 (Python 3.10.2 on win32)" generated="20230326 05:01:23.069" rpa="false" schemaversion="2">
<suite id="s1" name="ToDoList" source="C:\Users\Anakin\Desktop\Script_TC_TodoList\Code\TestSuites\ToDoList.robot">
<test id="s1-t1" name="001:เข้าสู่เว็ปไซต์ TO DO LIST">
<kw name="Open URL To Do List" library="Common_keywords">
<kw name="Open Browser" library="Selenium2Library">
<arg>${URL}</arg>
<arg>${Browser}</arg>
<arg>options=add_argument("--ignore-certificate-errors")</arg>
<doc>Opens a new browser instance to the optional ``url``.</doc>
<msg timestamp="20230326 05:01:23.383" level="INFO">Opening browser 'Chrome' to base url 'https://abhigyank.github.io/To-Do-List/'.</msg>
<status status="PASS" starttime="20230326 05:01:23.383" endtime="20230326 05:01:25.129"/>
</kw>
<kw name="Maximize Browser Window" library="Selenium2Library">
<doc>Maximizes current browser window.</doc>
<status status="PASS" starttime="20230326 05:01:25.130" endtime="20230326 05:01:25.250"/>
</kw>
<status status="PASS" starttime="20230326 05:01:23.383" endtime="20230326 05:01:25.250"/>
</kw>
<kw name="Wait Until Page Contains Element" library="Selenium2Library">
<arg>${Title_ToDoList}</arg>
<arg>${Thirty_Second}</arg>
<doc>Waits until the element ``locator`` appears on the current page.</doc>
<status status="PASS" starttime="20230326 05:01:25.250" endtime="20230326 05:01:25.268"/>
</kw>
<kw name="Wait Until Page Contains Element" library="Selenium2Library">
<arg>${Menu_AddItem}</arg>
<arg>${Thirty_Second}</arg>
<doc>Waits until the element ``locator`` appears on the current page.</doc>
<status status="PASS" starttime="20230326 05:01:25.269" endtime="20230326 05:01:25.279"/>
</kw>
<kw name="Wait Until Page Contains Element" library="Selenium2Library">
<arg>${Menu_ToDoTasks}</arg>
<arg>${Thirty_Second}</arg>
<doc>Waits until the element ``locator`` appears on the current page.</doc>
<status status="PASS" starttime="20230326 05:01:25.279" endtime="20230326 05:01:25.297"/>
</kw>
<kw name="Wait Until Page Contains Element" library="Selenium2Library">
<arg>${Menu_Completed}</arg>
<arg>${Thirty_Second}</arg>
<doc>Waits until the element ``locator`` appears on the current page.</doc>
<status status="PASS" starttime="20230326 05:01:25.298" endtime="20230326 05:01:25.298"/>
</kw>
<kw name="Wait Until Page Contains Element" library="Selenium2Library">
<arg>${input_list_textbox}</arg>
<arg>${Thirty_Second}</arg>
<doc>Waits until the element ``locator`` appears on the current page.</doc>
<status status="PASS" starttime="20230326 05:01:25.298" endtime="20230326 05:01:25.320"/>
</kw>
<kw name="Capture Page Screenshot" library="Selenium2Library">
<arg>TCS_1_001.png</arg>
<doc>Takes a screenshot of the current page and embeds it into a log file.</doc>
<msg timestamp="20230326 05:01:25.593" level="INFO" html="true">&lt;/td&gt;&lt;/tr&gt;&lt;tr&gt;&lt;td colspan="3"&gt;&lt;a href="TCS_1_001.png"&gt;&lt;img src="TCS_1_001.png" width="800px"&gt;&lt;/a&gt;</msg>
<status status="PASS" starttime="20230326 05:01:25.320" endtime="20230326 05:01:25.593"/>
</kw>
<doc>- แสดง Sceen :
- ประกอบด้วยข้อมูล
- ส่วนที่ 1 Title : 'TO DO LIST'
- ส่วนที่ 2 Menu :
- Add Item
- TO-DO Tasks
- Completed
- ส่วนที่ 3 Text Box : input สำหรับใส่รายการ</doc>
<tag>Step 1</tag>
<status status="PASS" starttime="20230326 05:01:23.367" endtime="20230326 05:01:25.593"/>
</test>
<test id="s1-t2" name="002:ตรวจสอบ Action การ Add Item">
<kw name="Wait Until Keyword Succeeds" library="BuiltIn">
<arg>${Thirty_Second}</arg>
<arg>${Two_Seconds}</arg>
<arg>Input Text</arg>
<arg>${input_list_textbox}</arg>
<arg>${Read_Book_Act}</arg>
<doc>Runs the specified keyword and retries if it fails.</doc>
<kw name="Input Text" library="Selenium2Library">
<arg>${input_list_textbox}</arg>
<arg>${Read_Book_Act}</arg>
<doc>Types the given ``text`` into the text field identified by ``locator``.</doc>
<msg timestamp="20230326 05:01:25.608" level="INFO">Typing text 'Read Book' into text field '//input[@id="new-task"]'.</msg>
<status status="PASS" starttime="20230326 05:01:25.608" endtime="20230326 05:01:25.706"/>
</kw>
<status status="PASS" starttime="20230326 05:01:25.608" endtime="20230326 05:01:25.706"/>
</kw>
<kw name="Wait Until Page Contains Element" library="Selenium2Library">
<arg>${Add_Button}</arg>
<arg>${Thirty_Second}</arg>
<doc>Waits until the element ``locator`` appears on the current page.</doc>
<status status="PASS" starttime="20230326 05:01:25.706" endtime="20230326 05:01:25.720"/>
</kw>
<kw name="Wait Until Keyword Succeeds" library="BuiltIn">
<arg>${Thirty_Second}</arg>
<arg>${Two_Seconds}</arg>
<arg>Click Element</arg>
<arg>${Add_Button}</arg>
<doc>Runs the specified keyword and retries if it fails.</doc>
<kw name="Click Element" library="Selenium2Library">
<arg>${Add_Button}</arg>
<doc>Click the element identified by ``locator``.</doc>
<msg timestamp="20230326 05:01:25.722" level="INFO">Clicking element '//i[text()='add']'.</msg>
<status status="PASS" starttime="20230326 05:01:25.721" endtime="20230326 05:01:25.746"/>
</kw>
<status status="PASS" starttime="20230326 05:01:25.721" endtime="20230326 05:01:25.746"/>
</kw>
<kw name="Wait Until Keyword Succeeds" library="BuiltIn">
<arg>${Thirty_Second}</arg>
<arg>${Two_Seconds}</arg>
<arg>Click Element</arg>
<arg>${Menu_ToDoTasks}</arg>
<doc>Runs the specified keyword and retries if it fails.</doc>
<kw name="Click Element" library="Selenium2Library">
<arg>${Menu_ToDoTasks}</arg>
<doc>Click the element identified by ``locator``.</doc>
<msg timestamp="20230326 05:01:25.746" level="INFO">Clicking element '//a[text()='To-Do Tasks']'.</msg>
<status status="PASS" starttime="20230326 05:01:25.746" endtime="20230326 05:01:25.804"/>
</kw>
<status status="PASS" starttime="20230326 05:01:25.746" endtime="20230326 05:01:25.804"/>
</kw>
<kw name="Wait Until Page Contains Element" library="Selenium2Library">
<arg>${Read_Book_TextList}</arg>
<arg>${Thirty_Second}</arg>
<doc>Waits until the element ``locator`` appears on the current page.</doc>
<status status="PASS" starttime="20230326 05:01:25.804" endtime="20230326 05:01:25.820"/>
</kw>
<for flavor="IN RANGE">
<var>${i}</var>
<value>30</value>
<iter>
<var name="${i}">0</var>
<kw name="Run Keyword And Return Status" library="BuiltIn">
<var>${stat}</var>
<arg>Wait Until Element Is Visible</arg>
<arg>${Read_Book_TextList}</arg>
<doc>Runs the given keyword with given arguments and returns the status as a Boolean value.</doc>
<kw name="Wait Until Element Is Visible" library="Selenium2Library">
<arg>${Read_Book_TextList}</arg>
<doc>Waits until the element ``locator`` is visible.</doc>
<status status="PASS" starttime="20230326 05:01:25.821" endtime="20230326 05:01:25.847"/>
</kw>
<msg timestamp="20230326 05:01:25.847" level="INFO">${stat} = True</msg>
<status status="PASS" starttime="20230326 05:01:25.821" endtime="20230326 05:01:25.847"/>
</kw>
<kw name="Exit For Loop If" library="BuiltIn">
<arg>${stat}</arg>
<doc>Stops executing the enclosing for loop if the ``condition`` is true.</doc>
<msg timestamp="20230326 05:01:25.847" level="INFO">Exiting for loop altogether.</msg>
<status status="PASS" starttime="20230326 05:01:25.847" endtime="20230326 05:01:25.847"/>
</kw>
<status status="PASS" starttime="20230326 05:01:25.821" endtime="20230326 05:01:25.847"/>
</iter>
<status status="PASS" starttime="20230326 05:01:25.820" endtime="20230326 05:01:25.847"/>
</for>
<kw name="Capture Page Screenshot" library="Selenium2Library">
<arg>TCS_2_001.png</arg>
<doc>Takes a screenshot of the current page and embeds it into a log file.</doc>
<msg timestamp="20230326 05:01:26.035" level="INFO" html="true">&lt;/td&gt;&lt;/tr&gt;&lt;tr&gt;&lt;td colspan="3"&gt;&lt;a href="TCS_2_001.png"&gt;&lt;img src="TCS_2_001.png" width="800px"&gt;&lt;/a&gt;</msg>
<status status="PASS" starttime="20230326 05:01:25.847" endtime="20230326 05:01:26.035"/>
</kw>
<doc>- หน้าจอแสดง รายการที่ Add ที่ Menu TO-DO Tasks</doc>
<tag>Step 2</tag>
<status status="PASS" starttime="20230326 05:01:25.593" endtime="20230326 05:01:26.036"/>
</test>
<test id="s1-t3" name="003:ตรวจสอบ Action การ Completed Task ที่ To Do List">
<kw name="Wait Until Keyword Succeeds" library="BuiltIn">
<arg>${Thirty_Second}</arg>
<arg>${Two_Seconds}</arg>
<arg>Click Element</arg>
<arg>${Read_Book_TextList}</arg>
<doc>Runs the specified keyword and retries if it fails.</doc>
<kw name="Click Element" library="Selenium2Library">
<arg>${Read_Book_TextList}</arg>
<doc>Click the element identified by ``locator``.</doc>
<msg timestamp="20230326 05:01:26.040" level="INFO">Clicking element '//span[text()='Read Book']'.</msg>
<status status="PASS" starttime="20230326 05:01:26.040" endtime="20230326 05:01:26.076"/>
</kw>
<status status="PASS" starttime="20230326 05:01:26.039" endtime="20230326 05:01:26.076"/>
</kw>
<kw name="Wait Until Keyword Succeeds" library="BuiltIn">
<arg>${Thirty_Second}</arg>
<arg>${Two_Seconds}</arg>
<arg>Click Element</arg>
<arg>${Menu_Completed}</arg>
<doc>Runs the specified keyword and retries if it fails.</doc>
<kw name="Click Element" library="Selenium2Library">
<arg>${Menu_Completed}</arg>
<doc>Click the element identified by ``locator``.</doc>
<msg timestamp="20230326 05:01:26.077" level="INFO">Clicking element '//a[text()='Completed']'.</msg>
<status status="PASS" starttime="20230326 05:01:26.077" endtime="20230326 05:01:26.116"/>
</kw>
<status status="PASS" starttime="20230326 05:01:26.076" endtime="20230326 05:01:26.116"/>
</kw>
<kw name="Wait Until Page Contains Element" library="Selenium2Library">
<arg>${Read_Book_TextList_Completed_Menu}</arg>
<arg>${Thirty_Second}</arg>
<doc>Waits until the element ``locator`` appears on the current page.</doc>
<status status="PASS" starttime="20230326 05:01:26.117" endtime="20230326 05:01:26.129"/>
</kw>
<for flavor="IN RANGE">
<var>${i}</var>
<value>30</value>
<iter>
<var name="${i}">0</var>
<kw name="Run Keyword And Return Status" library="BuiltIn">
<var>${stat}</var>
<arg>Wait Until Element Is Visible</arg>
<arg>${Read_Book_TextList_Completed_Menu}</arg>
<doc>Runs the given keyword with given arguments and returns the status as a Boolean value.</doc>
<kw name="Wait Until Element Is Visible" library="Selenium2Library">
<arg>${Read_Book_TextList_Completed_Menu}</arg>
<doc>Waits until the element ``locator`` is visible.</doc>
<status status="PASS" starttime="20230326 05:01:26.131" endtime="20230326 05:01:26.153"/>
</kw>
<msg timestamp="20230326 05:01:26.153" level="INFO">${stat} = True</msg>
<status status="PASS" starttime="20230326 05:01:26.130" endtime="20230326 05:01:26.153"/>
</kw>
<kw name="Exit For Loop If" library="BuiltIn">
<arg>${stat}</arg>
<doc>Stops executing the enclosing for loop if the ``condition`` is true.</doc>
<msg timestamp="20230326 05:01:26.154" level="INFO">Exiting for loop altogether.</msg>
<status status="PASS" starttime="20230326 05:01:26.153" endtime="20230326 05:01:26.154"/>
</kw>
<status status="PASS" starttime="20230326 05:01:26.130" endtime="20230326 05:01:26.154"/>
</iter>
<status status="PASS" starttime="20230326 05:01:26.130" endtime="20230326 05:01:26.154"/>
</for>
<kw name="Capture Page Screenshot" library="Selenium2Library">
<arg>TCS_3_001.png</arg>
<doc>Takes a screenshot of the current page and embeds it into a log file.</doc>
<msg timestamp="20230326 05:01:26.396" level="INFO" html="true">&lt;/td&gt;&lt;/tr&gt;&lt;tr&gt;&lt;td colspan="3"&gt;&lt;a href="TCS_3_001.png"&gt;&lt;img src="TCS_3_001.png" width="800px"&gt;&lt;/a&gt;</msg>
<status status="PASS" starttime="20230326 05:01:26.154" endtime="20230326 05:01:26.396"/>
</kw>
<doc>- หน้าจอแสดง รายการที่ Completed ที่ Menu Completed</doc>
<tag>Step 3</tag>
<status status="PASS" starttime="20230326 05:01:26.037" endtime="20230326 05:01:26.396"/>
</test>
<test id="s1-t4" name="004:ตรวจสอบ Action การ delete Item">
<kw name="Wait Until Page Contains Element" library="Selenium2Library">
<arg>${Delete_Button_Fst_Task_Completed_Menu}</arg>
<arg>${Thirty_Second}</arg>
<doc>Waits until the element ``locator`` appears on the current page.</doc>
<status status="PASS" starttime="20230326 05:01:26.396" endtime="20230326 05:01:26.413"/>
</kw>
<kw name="Wait Until Keyword Succeeds" library="BuiltIn">
<arg>${Thirty_Second}</arg>
<arg>${Two_Seconds}</arg>
<arg>Click Element</arg>
<arg>${Delete_Button_Fst_Task_Completed_Menu}</arg>
<doc>Runs the specified keyword and retries if it fails.</doc>
<kw name="Click Element" library="Selenium2Library">
<arg>${Delete_Button_Fst_Task_Completed_Menu}</arg>
<doc>Click the element identified by ``locator``.</doc>
<msg timestamp="20230326 05:01:26.413" level="INFO">Clicking element '//span[text()='Read Book']/following-sibling::button[text()='Delete']'.</msg>
<status status="PASS" starttime="20230326 05:01:26.413" endtime="20230326 05:01:26.447"/>
</kw>
<status status="PASS" starttime="20230326 05:01:26.413" endtime="20230326 05:01:26.447"/>
</kw>
<kw name="Wait Until Keyword Succeeds" library="BuiltIn">
<arg>${Thirty_Second}</arg>
<arg>${Two_Seconds}</arg>
<arg>Element Should Not Be Visible</arg>
<arg>${Read_Book_TextList_Completed_Menu}</arg>
<doc>Runs the specified keyword and retries if it fails.</doc>
<kw name="Element Should Not Be Visible" library="Selenium2Library">
<arg>${Read_Book_TextList_Completed_Menu}</arg>
<doc>Verifies that the element identified by ``locator`` is NOT visible.</doc>
<msg timestamp="20230326 05:01:26.447" level="INFO">Element '//button[text()='Delete']/preceding-sibling::span[text()='Read Book']' did not exist.</msg>
<status status="PASS" starttime="20230326 05:01:26.447" endtime="20230326 05:01:26.447"/>
</kw>
<status status="PASS" starttime="20230326 05:01:26.447" endtime="20230326 05:01:26.447"/>
</kw>
<kw name="Capture Page Screenshot" library="Selenium2Library">
<arg>TCS_4_001.png</arg>
<doc>Takes a screenshot of the current page and embeds it into a log file.</doc>
<msg timestamp="20230326 05:01:26.593" level="INFO" html="true">&lt;/td&gt;&lt;/tr&gt;&lt;tr&gt;&lt;td colspan="3"&gt;&lt;a href="TCS_4_001.png"&gt;&lt;img src="TCS_4_001.png" width="800px"&gt;&lt;/a&gt;</msg>
<status status="PASS" starttime="20230326 05:01:26.447" endtime="20230326 05:01:26.593"/>
</kw>
<kw name="Close Browser" library="Selenium2Library">
<doc>Closes the current browser.</doc>
<status status="PASS" starttime="20230326 05:01:26.593" endtime="20230326 05:01:28.719"/>
</kw>
<doc>- หน้าจอไม่แสดง รายการที่ Delete ที่ Menu Completed</doc>
<tag>Step 4</tag>
<status status="PASS" starttime="20230326 05:01:26.396" endtime="20230326 05:01:28.719"/>
</test>
<test id="s1-t5" name="005:ตรวจสอบ Action การ Add Item ด้วยข้อมูลซ้ำ">
<kw name="Open URL To Do List" library="Common_keywords">
<kw name="Open Browser" library="Selenium2Library">
<arg>${URL}</arg>
<arg>${Browser}</arg>
<arg>options=add_argument("--ignore-certificate-errors")</arg>
<doc>Opens a new browser instance to the optional ``url``.</doc>
<msg timestamp="20230326 05:01:28.719" level="INFO">Opening browser 'Chrome' to base url 'https://abhigyank.github.io/To-Do-List/'.</msg>
<status status="PASS" starttime="20230326 05:01:28.719" endtime="20230326 05:01:30.372"/>
</kw>
<kw name="Maximize Browser Window" library="Selenium2Library">
<doc>Maximizes current browser window.</doc>
<status status="PASS" starttime="20230326 05:01:30.372" endtime="20230326 05:01:30.497"/>
</kw>
<status status="PASS" starttime="20230326 05:01:28.719" endtime="20230326 05:01:30.497"/>
</kw>
<kw name="Wait Until Page Contains Element" library="Selenium2Library">
<arg>${Title_ToDoList}</arg>
<arg>${Thirty_Second}</arg>
<doc>Waits until the element ``locator`` appears on the current page.</doc>
<status status="PASS" starttime="20230326 05:01:30.497" endtime="20230326 05:01:30.514"/>
</kw>
<kw name="Wait Until Page Contains Element" library="Selenium2Library">
<arg>${Menu_AddItem}</arg>
<arg>${Thirty_Second}</arg>
<doc>Waits until the element ``locator`` appears on the current page.</doc>
<status status="PASS" starttime="20230326 05:01:30.514" endtime="20230326 05:01:30.514"/>
</kw>
<kw name="Wait Until Page Contains Element" library="Selenium2Library">
<arg>${input_list_textbox}</arg>
<arg>${Thirty_Second}</arg>
<doc>Waits until the element ``locator`` appears on the current page.</doc>
<status status="PASS" starttime="20230326 05:01:30.514" endtime="20230326 05:01:30.529"/>
</kw>
<kw name="Wait Until Keyword Succeeds" library="BuiltIn">
<arg>${Thirty_Second}</arg>
<arg>${Two_Seconds}</arg>
<arg>Input Text</arg>
<arg>${input_list_textbox}</arg>
<arg>${Watch_Movie_Act}</arg>
<doc>Runs the specified keyword and retries if it fails.</doc>
<kw name="Input Text" library="Selenium2Library">
<arg>${input_list_textbox}</arg>
<arg>${Watch_Movie_Act}</arg>
<doc>Types the given ``text`` into the text field identified by ``locator``.</doc>
<msg timestamp="20230326 05:01:30.529" level="INFO">Typing text 'Watch Movie' into text field '//input[@id="new-task"]'.</msg>
<status status="PASS" starttime="20230326 05:01:30.529" endtime="20230326 05:01:30.619"/>
</kw>
<status status="PASS" starttime="20230326 05:01:30.529" endtime="20230326 05:01:30.619"/>
</kw>
<kw name="Wait Until Page Contains Element" library="Selenium2Library">
<arg>${Add_Button}</arg>
<arg>${Thirty_Second}</arg>
<doc>Waits until the element ``locator`` appears on the current page.</doc>
<status status="PASS" starttime="20230326 05:01:30.619" endtime="20230326 05:01:30.631"/>
</kw>
<kw name="Wait Until Keyword Succeeds" library="BuiltIn">
<arg>${Thirty_Second}</arg>
<arg>${Two_Seconds}</arg>
<arg>Click Element</arg>
<arg>${Add_Button}</arg>
<doc>Runs the specified keyword and retries if it fails.</doc>
<kw name="Click Element" library="Selenium2Library">
<arg>${Add_Button}</arg>
<doc>Click the element identified by ``locator``.</doc>
<msg timestamp="20230326 05:01:30.632" level="INFO">Clicking element '//i[text()='add']'.</msg>
<status status="PASS" starttime="20230326 05:01:30.632" endtime="20230326 05:01:30.660"/>
</kw>
<status status="PASS" starttime="20230326 05:01:30.632" endtime="20230326 05:01:30.660"/>
</kw>
<kw name="Textfield Value Should Be" library="Selenium2Library">
<arg>${input_list_textbox}</arg>
<arg>${EMPTY}</arg>
<doc>Verifies text field ``locator`` has exactly text ``expected``.</doc>
<msg timestamp="20230326 05:01:30.710" level="INFO">Content of text field '//input[@id="new-task"]' is ''.</msg>
<status status="PASS" starttime="20230326 05:01:30.660" endtime="20230326 05:01:30.710"/>
</kw>
<kw name="Wait Until Keyword Succeeds" library="BuiltIn">
<arg>${Thirty_Second}</arg>
<arg>${Two_Seconds}</arg>
<arg>Input Text</arg>
<arg>${input_list_textbox}</arg>
<arg>${Watch_Movie_Act}</arg>
<doc>Runs the specified keyword and retries if it fails.</doc>
<kw name="Input Text" library="Selenium2Library">
<arg>${input_list_textbox}</arg>
<arg>${Watch_Movie_Act}</arg>
<doc>Types the given ``text`` into the text field identified by ``locator``.</doc>
<msg timestamp="20230326 05:01:30.711" level="INFO">Typing text 'Watch Movie' into text field '//input[@id="new-task"]'.</msg>
<status status="PASS" starttime="20230326 05:01:30.711" endtime="20230326 05:01:30.761"/>
</kw>
<status status="PASS" starttime="20230326 05:01:30.711" endtime="20230326 05:01:30.761"/>
</kw>
<kw name="Wait Until Page Contains Element" library="Selenium2Library">
<arg>${Add_Button}</arg>
<arg>${Thirty_Second}</arg>
<doc>Waits until the element ``locator`` appears on the current page.</doc>
<status status="PASS" starttime="20230326 05:01:30.761" endtime="20230326 05:01:30.779"/>
</kw>
<kw name="Wait Until Keyword Succeeds" library="BuiltIn">
<arg>${Thirty_Second}</arg>
<arg>${Two_Seconds}</arg>
<arg>Click Element</arg>
<arg>${Add_Button}</arg>
<doc>Runs the specified keyword and retries if it fails.</doc>
<kw name="Click Element" library="Selenium2Library">
<arg>${Add_Button}</arg>
<doc>Click the element identified by ``locator``.</doc>
<msg timestamp="20230326 05:01:30.779" level="INFO">Clicking element '//i[text()='add']'.</msg>
<status status="PASS" starttime="20230326 05:01:30.779" endtime="20230326 05:01:30.807"/>
</kw>
<status status="PASS" starttime="20230326 05:01:30.779" endtime="20230326 05:01:30.810"/>
</kw>
<kw name="Textfield Value Should Be" library="Selenium2Library">
<arg>${input_list_textbox}</arg>
<arg>${EMPTY}</arg>
<doc>Verifies text field ``locator`` has exactly text ``expected``.</doc>
<msg timestamp="20230326 05:01:30.840" level="INFO">Content of text field '//input[@id="new-task"]' is ''.</msg>
<status status="PASS" starttime="20230326 05:01:30.810" endtime="20230326 05:01:30.840"/>
</kw>
<kw name="Wait Until Keyword Succeeds" library="BuiltIn">
<arg>${Thirty_Second}</arg>
<arg>${Two_Seconds}</arg>
<arg>Click Element</arg>
<arg>${Menu_ToDoTasks}</arg>
<doc>Runs the specified keyword and retries if it fails.</doc>
<kw name="Click Element" library="Selenium2Library">
<arg>${Menu_ToDoTasks}</arg>
<doc>Click the element identified by ``locator``.</doc>
<msg timestamp="20230326 05:01:30.841" level="INFO">Clicking element '//a[text()='To-Do Tasks']'.</msg>
<status status="PASS" starttime="20230326 05:01:30.841" endtime="20230326 05:01:30.888"/>
</kw>
<status status="PASS" starttime="20230326 05:01:30.841" endtime="20230326 05:01:30.888"/>
</kw>
<kw name="Wait Until Page Contains Element" library="Selenium2Library">
<arg>${Watch_Movie_TextList_Task_ToDoTask_Menu}</arg>
<arg>${Thirty_Second}</arg>
<doc>Waits until the element ``locator`` appears on the current page.</doc>
<status status="PASS" starttime="20230326 05:01:30.889" endtime="20230326 05:01:30.903"/>
</kw>
<kw name="Get Element Count" library="Selenium2Library">
<var>${count}</var>
<arg>${Watch_Movie_TextList_Task_ToDoTask_Menu}</arg>
<doc>Returns the number of elements matching ``locator``.</doc>
<msg timestamp="20230326 05:01:30.910" level="INFO">${count} = 2</msg>
<status status="PASS" starttime="20230326 05:01:30.903" endtime="20230326 05:01:30.910"/>
</kw>
<kw name="Convert To String" library="BuiltIn">
<var>${count}</var>
<arg>${count}</arg>
<doc>Converts the given item to a Unicode string.</doc>
<msg timestamp="20230326 05:01:30.910" level="INFO">${count} = 2</msg>
<status status="PASS" starttime="20230326 05:01:30.910" endtime="20230326 05:01:30.910"/>
</kw>
<kw name="Should Be Equal" library="BuiltIn">
<arg>${count}</arg>
<arg>${count_two}</arg>
<doc>Fails if the given objects are unequal.</doc>
<status status="PASS" starttime="20230326 05:01:30.911" endtime="20230326 05:01:30.911"/>
</kw>
<kw name="Capture Page Screenshot" library="Selenium2Library">
<arg>TCS_5_001.png</arg>
<doc>Takes a screenshot of the current page and embeds it into a log file.</doc>
<msg timestamp="20230326 05:01:31.175" level="INFO" html="true">&lt;/td&gt;&lt;/tr&gt;&lt;tr&gt;&lt;td colspan="3"&gt;&lt;a href="TCS_5_001.png"&gt;&lt;img src="TCS_5_001.png" width="800px"&gt;&lt;/a&gt;</msg>
<status status="PASS" starttime="20230326 05:01:30.911" endtime="20230326 05:01:31.175"/>
</kw>
<doc>- หน้าจอแสดง รายการที่ Add ที่ Menu TO-DO Tasks
- Column ประกอบด้วย Tasks ที่ซ้ำกัน</doc>
<tag>Step 5</tag>
<status status="PASS" starttime="20230326 05:01:28.719" endtime="20230326 05:01:31.176"/>
</test>
<test id="s1-t6" name="006:ตรวจสอบ Action การ Completed Item กรณีข้อมูลซ้ำ">
<kw name="Wait Until Page Contains Element" library="Selenium2Library">
<arg>${Watch_Movie_TextList_Completed_Menu_Fst_Task}</arg>
<arg>${Thirty_Second}</arg>
<doc>Waits until the element ``locator`` appears on the current page.</doc>
<status status="PASS" starttime="20230326 05:01:31.180" endtime="20230326 05:01:31.191"/>
</kw>
<kw name="Wait Until Keyword Succeeds" library="BuiltIn">
<arg>${Thirty_Second}</arg>
<arg>${Two_Seconds}</arg>
<arg>Click Element</arg>
<arg>${Watch_Movie_TextList_Completed_Menu_Fst_Task}</arg>
<doc>Runs the specified keyword and retries if it fails.</doc>
<kw name="Click Element" library="Selenium2Library">
<arg>${Watch_Movie_TextList_Completed_Menu_Fst_Task}</arg>
<doc>Click the element identified by ``locator``.</doc>
<msg timestamp="20230326 05:01:31.193" level="INFO">Clicking element '//input[@type="checkbox"]/following-sibling::span[text()='Watch Movie']'.</msg>
<status status="PASS" starttime="20230326 05:01:31.192" endtime="20230326 05:01:31.231"/>
</kw>
<status status="PASS" starttime="20230326 05:01:31.192" endtime="20230326 05:01:31.231"/>
</kw>
<kw name="Wait Until Keyword Succeeds" library="BuiltIn">
<arg>${Thirty_Second}</arg>
<arg>${Two_Seconds}</arg>
<arg>Click Element</arg>
<arg>${Menu_Completed}</arg>
<doc>Runs the specified keyword and retries if it fails.</doc>
<kw name="Click Element" library="Selenium2Library">
<arg>${Menu_Completed}</arg>
<doc>Click the element identified by ``locator``.</doc>
<msg timestamp="20230326 05:01:31.231" level="INFO">Clicking element '//a[text()='Completed']'.</msg>
<status status="PASS" starttime="20230326 05:01:31.231" endtime="20230326 05:01:31.274"/>
</kw>
<status status="PASS" starttime="20230326 05:01:31.231" endtime="20230326 05:01:31.274"/>
</kw>
<kw name="Wait Until Page Contains Element" library="Selenium2Library">
<arg>${Watch_Movie_TextList_Completed_Menu}</arg>
<arg>${Thirty_Second}</arg>
<doc>Waits until the element ``locator`` appears on the current page.</doc>
<status status="PASS" starttime="20230326 05:01:31.275" endtime="20230326 05:01:31.285"/>
</kw>
<for flavor="IN RANGE">
<var>${i}</var>
<value>10</value>
<iter>
<var name="${i}">0</var>
<kw name="Run Keyword And Return Status" library="BuiltIn">
<var>${stat}</var>
<arg>Wait Until Element Is Visible</arg>
<arg>${Watch_Movie_TextList_Completed_Menu}</arg>
<doc>Runs the given keyword with given arguments and returns the status as a Boolean value.</doc>
<kw name="Wait Until Element Is Visible" library="Selenium2Library">
<arg>${Watch_Movie_TextList_Completed_Menu}</arg>
<doc>Waits until the element ``locator`` is visible.</doc>
<status status="PASS" starttime="20230326 05:01:31.286" endtime="20230326 05:01:31.305"/>
</kw>
<msg timestamp="20230326 05:01:31.305" level="INFO">${stat} = True</msg>
<status status="PASS" starttime="20230326 05:01:31.286" endtime="20230326 05:01:31.305"/>
</kw>
<kw name="Exit For Loop If" library="BuiltIn">
<arg>${stat}</arg>
<doc>Stops executing the enclosing for loop if the ``condition`` is true.</doc>
<msg timestamp="20230326 05:01:31.305" level="INFO">Exiting for loop altogether.</msg>
<status status="PASS" starttime="20230326 05:01:31.305" endtime="20230326 05:01:31.306"/>
</kw>
<status status="PASS" starttime="20230326 05:01:31.286" endtime="20230326 05:01:31.306"/>
</iter>
<status status="PASS" starttime="20230326 05:01:31.286" endtime="20230326 05:01:31.306"/>
</for>
<kw name="Wait Until Keyword Succeeds" library="BuiltIn">
<arg>${Thirty_Second}</arg>
<arg>${Two_Seconds}</arg>
<arg>Click Element</arg>
<arg>${Menu_ToDoTasks}</arg>
<doc>Runs the specified keyword and retries if it fails.</doc>
<kw name="Click Element" library="Selenium2Library">
<arg>${Menu_ToDoTasks}</arg>
<doc>Click the element identified by ``locator``.</doc>
<msg timestamp="20230326 05:01:31.307" level="INFO">Clicking element '//a[text()='To-Do Tasks']'.</msg>
<status status="PASS" starttime="20230326 05:01:31.307" endtime="20230326 05:01:31.337"/>
</kw>
<status status="PASS" starttime="20230326 05:01:31.306" endtime="20230326 05:01:31.337"/>
</kw>
<kw name="Wait Until Page Contains Element" library="Selenium2Library">
<arg>${Watch_Movie_TextList_Task_ToDoTask_Menu}</arg>
<arg>${Thirty_Second}</arg>
<doc>Waits until the element ``locator`` appears on the current page.</doc>
<status status="PASS" starttime="20230326 05:01:31.338" endtime="20230326 05:01:31.346"/>
</kw>
<kw name="Wait Until Page Contains Element" library="Selenium2Library">
<arg>${Watch_Movie_TextList_Completed_Menu_Fst_Task}</arg>
<arg>${Thirty_Second}</arg>
<doc>Waits until the element ``locator`` appears on the current page.</doc>
<status status="PASS" starttime="20230326 05:01:31.347" endtime="20230326 05:01:31.354"/>
</kw>
<kw name="Wait Until Keyword Succeeds" library="BuiltIn">
<arg>${Thirty_Second}</arg>
<arg>${Two_Seconds}</arg>
<arg>Click Element</arg>
<arg>${Watch_Movie_TextList_Completed_Menu_Fst_Task}</arg>
<doc>Runs the specified keyword and retries if it fails.</doc>
<kw name="Click Element" library="Selenium2Library">
<arg>${Watch_Movie_TextList_Completed_Menu_Fst_Task}</arg>
<doc>Click the element identified by ``locator``.</doc>
<msg timestamp="20230326 05:01:31.355" level="INFO">Clicking element '//input[@type="checkbox"]/following-sibling::span[text()='Watch Movie']'.</msg>
<status status="PASS" starttime="20230326 05:01:31.355" endtime="20230326 05:01:31.380"/>
</kw>
<status status="PASS" starttime="20230326 05:01:31.355" endtime="20230326 05:01:31.380"/>
</kw>
<kw name="Wait Until Keyword Succeeds" library="BuiltIn">
<arg>${Thirty_Second}</arg>
<arg>${Two_Seconds}</arg>
<arg>Click Element</arg>
<arg>${Menu_Completed}</arg>
<doc>Runs the specified keyword and retries if it fails.</doc>
<kw name="Click Element" library="Selenium2Library">
<arg>${Menu_Completed}</arg>
<doc>Click the element identified by ``locator``.</doc>
<msg timestamp="20230326 05:01:31.380" level="INFO">Clicking element '//a[text()='Completed']'.</msg>
<status status="PASS" starttime="20230326 05:01:31.380" endtime="20230326 05:01:31.420"/>
</kw>
<status status="PASS" starttime="20230326 05:01:31.380" endtime="20230326 05:01:31.420"/>
</kw>
<kw name="Wait Until Page Contains Element" library="Selenium2Library">
<arg>${Watch_Movie_TextList_Completed_Menu}</arg>
<arg>${Thirty_Second}</arg>
<doc>Waits until the element ``locator`` appears on the current page.</doc>
<status status="PASS" starttime="20230326 05:01:31.421" endtime="20230326 05:01:31.429"/>
</kw>
<for flavor="IN RANGE">
<var>${i}</var>
<value>10</value>
<iter>
<var name="${i}">0</var>
<kw name="Run Keyword And Return Status" library="BuiltIn">
<var>${stat}</var>
<arg>Wait Until Element Is Visible</arg>
<arg>${Watch_Movie_TextList_Completed_Menu}</arg>
<doc>Runs the given keyword with given arguments and returns the status as a Boolean value.</doc>
<kw name="Wait Until Element Is Visible" library="Selenium2Library">
<arg>${Watch_Movie_TextList_Completed_Menu}</arg>
<doc>Waits until the element ``locator`` is visible.</doc>
<status status="PASS" starttime="20230326 05:01:31.430" endtime="20230326 05:01:31.448"/>
</kw>
<msg timestamp="20230326 05:01:31.449" level="INFO">${stat} = True</msg>
<status status="PASS" starttime="20230326 05:01:31.430" endtime="20230326 05:01:31.449"/>
</kw>
<kw name="Exit For Loop If" library="BuiltIn">
<arg>${stat}</arg>
<doc>Stops executing the enclosing for loop if the ``condition`` is true.</doc>
<msg timestamp="20230326 05:01:31.449" level="INFO">Exiting for loop altogether.</msg>
<status status="PASS" starttime="20230326 05:01:31.449" endtime="20230326 05:01:31.449"/>
</kw>
<status status="PASS" starttime="20230326 05:01:31.430" endtime="20230326 05:01:31.449"/>
</iter>
<status status="PASS" starttime="20230326 05:01:31.430" endtime="20230326 05:01:31.449"/>
</for>
<kw name="Get Element Count" library="Selenium2Library">
<var>${count}</var>
<arg>${Watch_Movie_TextList_Completed_Menu}</arg>
<doc>Returns the number of elements matching ``locator``.</doc>
<msg timestamp="20230326 05:01:31.457" level="INFO">${count} = 2</msg>
<status status="PASS" starttime="20230326 05:01:31.450" endtime="20230326 05:01:31.457"/>
</kw>
<kw name="Convert To String" library="BuiltIn">
<var>${count}</var>
<arg>${count}</arg>
<doc>Converts the given item to a Unicode string.</doc>
<msg timestamp="20230326 05:01:31.459" level="INFO">${count} = 2</msg>
<status status="PASS" starttime="20230326 05:01:31.458" endtime="20230326 05:01:31.459"/>
</kw>
<kw name="Should Be Equal" library="BuiltIn">
<arg>${count}</arg>
<arg>${count_two}</arg>
<doc>Fails if the given objects are unequal.</doc>
<status status="PASS" starttime="20230326 05:01:31.460" endtime="20230326 05:01:31.460"/>
</kw>
<kw name="Capture Page Screenshot" library="Selenium2Library">
<arg>TCS_6_001.png</arg>
<doc>Takes a screenshot of the current page and embeds it into a log file.</doc>
<msg timestamp="20230326 05:01:31.681" level="INFO" html="true">&lt;/td&gt;&lt;/tr&gt;&lt;tr&gt;&lt;td colspan="3"&gt;&lt;a href="TCS_6_001.png"&gt;&lt;img src="TCS_6_001.png" width="800px"&gt;&lt;/a&gt;</msg>
<status status="PASS" starttime="20230326 05:01:31.461" endtime="20230326 05:01:31.681"/>
</kw>
<doc>- หน้าจอแสดง รายการที่ Completed ที่ Menu Completed ทั้ง 2 task</doc>
<tag>Step 6</tag>
<status status="PASS" starttime="20230326 05:01:31.178" endtime="20230326 05:01:31.682"/>
</test>
<test id="s1-t7" name="007:ตรวจสอบ Action การ delete Item กรณีข้อมูลซ้ำ">
<kw name="Wait Until Page Contains Element" library="Selenium2Library">
<arg>${Delete_Button_Fst_Watch_Movie_Task_Completed_Menu}</arg>
<arg>${Thirty_Second}</arg>
<doc>Waits until the element ``locator`` appears on the current page.</doc>
<status status="PASS" starttime="20230326 05:01:31.685" endtime="20230326 05:01:31.697"/>
</kw>
<kw name="Wait Until Keyword Succeeds" library="BuiltIn">
<arg>${Thirty_Second}</arg>
<arg>${Two_Seconds}</arg>
<arg>Click Element</arg>
<arg>${Delete_Button_Fst_Watch_Movie_Task_Completed_Menu}</arg>
<doc>Runs the specified keyword and retries if it fails.</doc>
<kw name="Click Element" library="Selenium2Library">
<arg>${Delete_Button_Fst_Watch_Movie_Task_Completed_Menu}</arg>
<doc>Click the element identified by ``locator``.</doc>
<msg timestamp="20230326 05:01:31.698" level="INFO">Clicking element '//span[text()='Watch Movie']/following-sibling::button[text()='Delete']'.</msg>
<status status="PASS" starttime="20230326 05:01:31.698" endtime="20230326 05:01:31.729"/>
</kw>
<status status="PASS" starttime="20230326 05:01:31.698" endtime="20230326 05:01:31.729"/>
</kw>
<kw name="Wait Until Keyword Succeeds" library="BuiltIn">
<arg>${Thirty_Second}</arg>
<arg>${Two_Seconds}</arg>
<arg>Click Element</arg>
<arg>${Menu_ToDoTasks}</arg>
<doc>Runs the specified keyword and retries if it fails.</doc>
<kw name="Click Element" library="Selenium2Library">
<arg>${Menu_ToDoTasks}</arg>
<doc>Click the element identified by ``locator``.</doc>
<msg timestamp="20230326 05:01:31.729" level="INFO">Clicking element '//a[text()='To-Do Tasks']'.</msg>
<status status="PASS" starttime="20230326 05:01:31.729" endtime="20230326 05:01:31.766"/>
</kw>
<status status="PASS" starttime="20230326 05:01:31.729" endtime="20230326 05:01:31.767"/>
</kw>
<kw name="Wait Until Keyword Succeeds" library="BuiltIn">
<arg>${Thirty_Second}</arg>
<arg>${Two_Seconds}</arg>
<arg>Click Element</arg>
<arg>${Menu_Completed}</arg>
<doc>Runs the specified keyword and retries if it fails.</doc>
<kw name="Click Element" library="Selenium2Library">
<arg>${Menu_Completed}</arg>
<doc>Click the element identified by ``locator``.</doc>
<msg timestamp="20230326 05:01:31.767" level="INFO">Clicking element '//a[text()='Completed']'.</msg>
<status status="PASS" starttime="20230326 05:01:31.767" endtime="20230326 05:01:31.798"/>
</kw>
<status status="PASS" starttime="20230326 05:01:31.767" endtime="20230326 05:01:31.798"/>
</kw>
<kw name="Wait Until Page Contains Element" library="Selenium2Library">
<arg>${Delete_Button_Fst_Watch_Movie_Task_Completed_Menu}</arg>
<arg>${Thirty_Second}</arg>
<doc>Waits until the element ``locator`` appears on the current page.</doc>
<status status="PASS" starttime="20230326 05:01:31.798" endtime="20230326 05:01:31.806"/>
</kw>
<kw name="Wait Until Keyword Succeeds" library="BuiltIn">
<arg>${Thirty_Second}</arg>
<arg>${Two_Seconds}</arg>
<arg>Click Element</arg>
<arg>${Delete_Button_Fst_Watch_Movie_Task_Completed_Menu}</arg>
<doc>Runs the specified keyword and retries if it fails.</doc>
<kw name="Click Element" library="Selenium2Library">
<arg>${Delete_Button_Fst_Watch_Movie_Task_Completed_Menu}</arg>
<doc>Click the element identified by ``locator``.</doc>
<msg timestamp="20230326 05:01:31.807" level="INFO">Clicking element '//span[text()='Watch Movie']/following-sibling::button[text()='Delete']'.</msg>
<status status="PASS" starttime="20230326 05:01:31.807" endtime="20230326 05:01:31.845"/>
</kw>
<status status="PASS" starttime="20230326 05:01:31.807" endtime="20230326 05:01:31.845"/>
</kw>
<kw name="Wait Until Keyword Succeeds" library="BuiltIn">
<arg>${Thirty_Second}</arg>
<arg>${Two_Seconds}</arg>
<arg>Element Should Not Be Visible</arg>
<arg>${Delete_Button_Fst_Watch_Movie_Task_Completed_Menu}</arg>
<doc>Runs the specified keyword and retries if it fails.</doc>
<kw name="Element Should Not Be Visible" library="Selenium2Library">
<arg>${Delete_Button_Fst_Watch_Movie_Task_Completed_Menu}</arg>
<doc>Verifies that the element identified by ``locator`` is NOT visible.</doc>
<msg timestamp="20230326 05:01:31.852" level="INFO">Element '//span[text()='Watch Movie']/following-sibling::button[text()='Delete']' did not exist.</msg>
<status status="PASS" starttime="20230326 05:01:31.845" endtime="20230326 05:01:31.852"/>
</kw>
<status status="PASS" starttime="20230326 05:01:31.845" endtime="20230326 05:01:31.852"/>
</kw>
<kw name="Capture Page Screenshot" library="Selenium2Library">
<arg>TCS_4_001.png</arg>
<doc>Takes a screenshot of the current page and embeds it into a log file.</doc>
<msg timestamp="20230326 05:01:31.978" level="INFO" html="true">&lt;/td&gt;&lt;/tr&gt;&lt;tr&gt;&lt;td colspan="3"&gt;&lt;a href="TCS_4_001.png"&gt;&lt;img src="TCS_4_001.png" width="800px"&gt;&lt;/a&gt;</msg>
<status status="PASS" starttime="20230326 05:01:31.852" endtime="20230326 05:01:31.978"/>
</kw>
<kw name="Close Browser" library="Selenium2Library">
<doc>Closes the current browser.</doc>
<status status="PASS" starttime="20230326 05:01:31.978" endtime="20230326 05:01:34.102"/>
</kw>
<doc>- หน้าจอไม่แสดง รายการที่ Delete ที่ Menu Completed ทั้ง 2 task</doc>
<tag>Step 7</tag>
<status status="PASS" starttime="20230326 05:01:31.683" endtime="20230326 05:01:34.102"/>
</test>
<test id="s1-t8" name="008:ตรวจสอบ Action การ delete Item ที่ Menu TO-DO tasks">
<kw name="Open URL To Do List" library="Common_keywords">
<kw name="Open Browser" library="Selenium2Library">
<arg>${URL}</arg>
<arg>${Browser}</arg>
<arg>options=add_argument("--ignore-certificate-errors")</arg>
<doc>Opens a new browser instance to the optional ``url``.</doc>
<msg timestamp="20230326 05:01:34.102" level="INFO">Opening browser 'Chrome' to base url 'https://abhigyank.github.io/To-Do-List/'.</msg>
<status status="PASS" starttime="20230326 05:01:34.102" endtime="20230326 05:01:35.695"/>
</kw>
<kw name="Maximize Browser Window" library="Selenium2Library">
<doc>Maximizes current browser window.</doc>
<status status="PASS" starttime="20230326 05:01:35.695" endtime="20230326 05:01:35.812"/>
</kw>
<status status="PASS" starttime="20230326 05:01:34.102" endtime="20230326 05:01:35.812"/>
</kw>
<kw name="Wait Until Page Contains Element" library="Selenium2Library">
<arg>${Title_ToDoList}</arg>
<arg>${Thirty_Second}</arg>
<doc>Waits until the element ``locator`` appears on the current page.</doc>
<status status="PASS" starttime="20230326 05:01:35.812" endtime="20230326 05:01:35.826"/>
</kw>
<kw name="Wait Until Page Contains Element" library="Selenium2Library">
<arg>${Menu_AddItem}</arg>
<arg>${Thirty_Second}</arg>
<doc>Waits until the element ``locator`` appears on the current page.</doc>
<status status="PASS" starttime="20230326 05:01:35.826" endtime="20230326 05:01:35.827"/>
</kw>
<kw name="Wait Until Page Contains Element" library="Selenium2Library">
<arg>${input_list_textbox}</arg>
<arg>${Thirty_Second}</arg>
<doc>Waits until the element ``locator`` appears on the current page.</doc>
<status status="PASS" starttime="20230326 05:01:35.827" endtime="20230326 05:01:35.848"/>
</kw>
<kw name="Wait Until Keyword Succeeds" library="BuiltIn">
<arg>${Thirty_Second}</arg>
<arg>${Two_Seconds}</arg>
<arg>Input Text</arg>
<arg>${input_list_textbox}</arg>
<arg>${NetFlix_Time}</arg>
<doc>Runs the specified keyword and retries if it fails.</doc>
<kw name="Input Text" library="Selenium2Library">
<arg>${input_list_textbox}</arg>
<arg>${NetFlix_Time}</arg>
<doc>Types the given ``text`` into the text field identified by ``locator``.</doc>
<msg timestamp="20230326 05:01:35.848" level="INFO">Typing text 'NetFlix Time' into text field '//input[@id="new-task"]'.</msg>
<status status="PASS" starttime="20230326 05:01:35.848" endtime="20230326 05:01:35.933"/>
</kw>
<status status="PASS" starttime="20230326 05:01:35.848" endtime="20230326 05:01:35.933"/>
</kw>
<kw name="Wait Until Page Contains Element" library="Selenium2Library">
<arg>${Add_Button}</arg>
<arg>${Thirty_Second}</arg>
<doc>Waits until the element ``locator`` appears on the current page.</doc>
<status status="PASS" starttime="20230326 05:01:35.933" endtime="20230326 05:01:35.944"/>
</kw>
<kw name="Wait Until Keyword Succeeds" library="BuiltIn">
<arg>${Thirty_Second}</arg>
<arg>${Two_Seconds}</arg>
<arg>Click Element</arg>
<arg>${Add_Button}</arg>
<doc>Runs the specified keyword and retries if it fails.</doc>
<kw name="Click Element" library="Selenium2Library">
<arg>${Add_Button}</arg>
<doc>Click the element identified by ``locator``.</doc>
<msg timestamp="20230326 05:01:35.946" level="INFO">Clicking element '//i[text()='add']'.</msg>
<status status="PASS" starttime="20230326 05:01:35.946" endtime="20230326 05:01:35.987"/>
</kw>
<status status="PASS" starttime="20230326 05:01:35.945" endtime="20230326 05:01:35.987"/>
</kw>
<kw name="Textfield Value Should Be" library="Selenium2Library">
<arg>${input_list_textbox}</arg>
<arg>${EMPTY}</arg>
<doc>Verifies text field ``locator`` has exactly text ``expected``.</doc>
<msg timestamp="20230326 05:01:36.025" level="INFO">Content of text field '//input[@id="new-task"]' is ''.</msg>
<status status="PASS" starttime="20230326 05:01:35.987" endtime="20230326 05:01:36.025"/>
</kw>
<kw name="Wait Until Keyword Succeeds" library="BuiltIn">
<arg>${Thirty_Second}</arg>
<arg>${Two_Seconds}</arg>
<arg>Click Element</arg>
<arg>${Menu_ToDoTasks}</arg>
<doc>Runs the specified keyword and retries if it fails.</doc>
<kw name="Click Element" library="Selenium2Library">
<arg>${Menu_ToDoTasks}</arg>
<doc>Click the element identified by ``locator``.</doc>
<msg timestamp="20230326 05:01:36.027" level="INFO">Clicking element '//a[text()='To-Do Tasks']'.</msg>
<status status="PASS" starttime="20230326 05:01:36.027" endtime="20230326 05:01:36.074"/>
</kw>
<status status="PASS" starttime="20230326 05:01:36.026" endtime="20230326 05:01:36.074"/>
</kw>
<kw name="Wait Until Page Contains Element" library="Selenium2Library">
<arg>${NetFlix_Time_TextList_Task_ToDoTask_Menu}</arg>
<arg>${Thirty_Second}</arg>
<doc>Waits until the element ``locator`` appears on the current page.</doc>
<status status="PASS" starttime="20230326 05:01:36.075" endtime="20230326 05:01:36.087"/>
</kw>
<kw name="Wait Until Page Contains Element" library="Selenium2Library">
<arg>${Delete_Button_Fst_Watch_Movie_Task_ToDoTasks_Menu}</arg>
<arg>${Thirty_Second}</arg>
<doc>Waits until the element ``locator`` appears on the current page.</doc>
<status status="PASS" starttime="20230326 05:01:36.088" endtime="20230326 05:01:36.100"/>
</kw>
<kw name="Wait Until Keyword Succeeds" library="BuiltIn">
<arg>${Thirty_Second}</arg>
<arg>${Two_Seconds}</arg>
<arg>Click Element</arg>
<arg>${Delete_Button_Fst_Watch_Movie_Task_ToDoTasks_Menu}</arg>
<doc>Runs the specified keyword and retries if it fails.</doc>
<kw name="Click Element" library="Selenium2Library">
<arg>${Delete_Button_Fst_Watch_Movie_Task_ToDoTasks_Menu}</arg>
<doc>Click the element identified by ``locator``.</doc>
<msg timestamp="20230326 05:01:36.101" level="INFO">Clicking element '(//span[text()='NetFlix Time']/following::button[text()='Delete'])[1]'.</msg>
<status status="PASS" starttime="20230326 05:01:36.101" endtime="20230326 05:01:36.142"/>
</kw>
<status status="PASS" starttime="20230326 05:01:36.101" endtime="20230326 05:01:36.142"/>
</kw>
<kw name="Wait Until Keyword Succeeds" library="BuiltIn">
<arg>${Thirty_Second}</arg>
<arg>${Two_Seconds}</arg>
<arg>Element Should Not Be Visible</arg>
<arg>${NetFlix_Time_TextList_Task_ToDoTask_Menu}</arg>
<doc>Runs the specified keyword and retries if it fails.</doc>
<kw name="Element Should Not Be Visible" library="Selenium2Library">
<arg>${NetFlix_Time_TextList_Task_ToDoTask_Menu}</arg>
<doc>Verifies that the element identified by ``locator`` is NOT visible.</doc>
<msg timestamp="20230326 05:01:36.142" level="INFO">Element '//span[text()='NetFlix Time']' did not exist.</msg>
<status status="PASS" starttime="20230326 05:01:36.142" endtime="20230326 05:01:36.142"/>
</kw>
<status status="PASS" starttime="20230326 05:01:36.142" endtime="20230326 05:01:36.142"/>
</kw>
<kw name="Capture Page Screenshot" library="Selenium2Library">
<arg>TCS_8_001.png</arg>
<doc>Takes a screenshot of the current page and embeds it into a log file.</doc>
<msg timestamp="20230326 05:01:36.341" level="INFO" html="true">&lt;/td&gt;&lt;/tr&gt;&lt;tr&gt;&lt;td colspan="3"&gt;&lt;a href="TCS_8_001.png"&gt;&lt;img src="TCS_8_001.png" width="800px"&gt;&lt;/a&gt;</msg>
<status status="PASS" starttime="20230326 05:01:36.142" endtime="20230326 05:01:36.341"/>
</kw>
<kw name="Close Browser" library="Selenium2Library">
<doc>Closes the current browser.</doc>
<status status="PASS" starttime="20230326 05:01:36.341" endtime="20230326 05:01:38.452"/>
</kw>
<doc>- หน้าจอไม่แสดง รายการที่ Delete ที่ Menu TO-DO Tasks</doc>
<tag>Step 8</tag>
<status status="PASS" starttime="20230326 05:01:34.102" endtime="20230326 05:01:38.452"/>
</test>
<test id="s1-t9" name="009:ตรวจสอบ Action การ Add Item ด้วย ภาษาไทย">
<kw name="Open URL To Do List" library="Common_keywords">
<kw name="Open Browser" library="Selenium2Library">
<arg>${URL}</arg>
<arg>${Browser}</arg>
<arg>options=add_argument("--ignore-certificate-errors")</arg>
<doc>Opens a new browser instance to the optional ``url``.</doc>
<msg timestamp="20230326 05:01:38.452" level="INFO">Opening browser 'Chrome' to base url 'https://abhigyank.github.io/To-Do-List/'.</msg>
<status status="PASS" starttime="20230326 05:01:38.452" endtime="20230326 05:01:40.189"/>
</kw>
<kw name="Maximize Browser Window" library="Selenium2Library">
<doc>Maximizes current browser window.</doc>
<status status="PASS" starttime="20230326 05:01:40.189" endtime="20230326 05:01:40.308"/>
</kw>
<status status="PASS" starttime="20230326 05:01:38.452" endtime="20230326 05:01:40.308"/>
</kw>
<kw name="Wait Until Keyword Succeeds" library="BuiltIn">
<arg>${Thirty_Second}</arg>
<arg>${Two_Seconds}</arg>
<arg>Input Text</arg>
<arg>${input_list_textbox}</arg>
<arg>${Sing_Act}</arg>
<doc>Runs the specified keyword and retries if it fails.</doc>
<kw name="Input Text" library="Selenium2Library">
<arg>${input_list_textbox}</arg>
<arg>${Sing_Act}</arg>
<doc>Types the given ``text`` into the text field identified by ``locator``.</doc>
<msg timestamp="20230326 05:01:40.308" level="INFO">Typing text 'ร้องเพลง' into text field '//input[@id="new-task"]'.</msg>
<status status="PASS" starttime="20230326 05:01:40.308" endtime="20230326 05:01:40.419"/>
</kw>
<status status="PASS" starttime="20230326 05:01:40.308" endtime="20230326 05:01:40.419"/>
</kw>
<kw name="Wait Until Page Contains Element" library="Selenium2Library">
<arg>${Add_Button}</arg>
<arg>${Thirty_Second}</arg>
<doc>Waits until the element ``locator`` appears on the current page.</doc>
<status status="PASS" starttime="20230326 05:01:40.419" endtime="20230326 05:01:40.432"/>
</kw>
<kw name="Wait Until Keyword Succeeds" library="BuiltIn">
<arg>${Thirty_Second}</arg>
<arg>${Two_Seconds}</arg>
<arg>Click Element</arg>
<arg>${Add_Button}</arg>
<doc>Runs the specified keyword and retries if it fails.</doc>
<kw name="Click Element" library="Selenium2Library">
<arg>${Add_Button}</arg>
<doc>Click the element identified by ``locator``.</doc>
<msg timestamp="20230326 05:01:40.433" level="INFO">Clicking element '//i[text()='add']'.</msg>
<status status="PASS" starttime="20230326 05:01:40.433" endtime="20230326 05:01:40.467"/>
</kw>
<status status="PASS" starttime="20230326 05:01:40.433" endtime="20230326 05:01:40.467"/>
</kw>
<kw name="Wait Until Keyword Succeeds" library="BuiltIn">
<arg>${Thirty_Second}</arg>
<arg>${Two_Seconds}</arg>
<arg>Click Element</arg>
<arg>${Menu_ToDoTasks}</arg>
<doc>Runs the specified keyword and retries if it fails.</doc>
<kw name="Click Element" library="Selenium2Library">
<arg>${Menu_ToDoTasks}</arg>
<doc>Click the element identified by ``locator``.</doc>
<msg timestamp="20230326 05:01:40.471" level="INFO">Clicking element '//a[text()='To-Do Tasks']'.</msg>
<status status="PASS" starttime="20230326 05:01:40.471" endtime="20230326 05:01:40.518"/>
</kw>
<status status="PASS" starttime="20230326 05:01:40.467" endtime="20230326 05:01:40.519"/>
</kw>
<kw name="Wait Until Page Contains Element" library="Selenium2Library">
<arg>${Sing_Song_TextList}</arg>
<arg>${Thirty_Second}</arg>
<doc>Waits until the element ``locator`` appears on the current page.</doc>
<status status="PASS" starttime="20230326 05:01:40.519" endtime="20230326 05:01:40.532"/>
</kw>
<for flavor="IN RANGE">
<var>${i}</var>
<value>30</value>
<iter>
<var name="${i}">0</var>
<kw name="Run Keyword And Return Status" library="BuiltIn">
<var>${stat}</var>
<arg>Wait Until Element Is Visible</arg>
<arg>${Sing_Song_TextList}</arg>
<doc>Runs the given keyword with given arguments and returns the status as a Boolean value.</doc>
<kw name="Wait Until Element Is Visible" library="Selenium2Library">
<arg>${Sing_Song_TextList}</arg>
<doc>Waits until the element ``locator`` is visible.</doc>
<status status="PASS" starttime="20230326 05:01:40.533" endtime="20230326 05:01:40.556"/>
</kw>
<msg timestamp="20230326 05:01:40.556" level="INFO">${stat} = True</msg>
<status status="PASS" starttime="20230326 05:01:40.533" endtime="20230326 05:01:40.556"/>
</kw>
<kw name="Exit For Loop If" library="BuiltIn">
<arg>${stat}</arg>
<doc>Stops executing the enclosing for loop if the ``condition`` is true.</doc>
<msg timestamp="20230326 05:01:40.556" level="INFO">Exiting for loop altogether.</msg>
<status status="PASS" starttime="20230326 05:01:40.556" endtime="20230326 05:01:40.556"/>
</kw>
<status status="PASS" starttime="20230326 05:01:40.533" endtime="20230326 05:01:40.556"/>
</iter>
<status status="PASS" starttime="20230326 05:01:40.533" endtime="20230326 05:01:40.556"/>
</for>
<kw name="Capture Page Screenshot" library="Selenium2Library">
<arg>TCS_9_001.png</arg>
<doc>Takes a screenshot of the current page and embeds it into a log file.</doc>
<msg timestamp="20230326 05:01:40.803" level="INFO" html="true">&lt;/td&gt;&lt;/tr&gt;&lt;tr&gt;&lt;td colspan="3"&gt;&lt;a href="TCS_9_001.png"&gt;&lt;img src="TCS_9_001.png" width="800px"&gt;&lt;/a&gt;</msg>
<status status="PASS" starttime="20230326 05:01:40.556" endtime="20230326 05:01:40.803"/>
</kw>
<doc>- หน้าจอแสดง รายการที่ Add ที่ Menu TO-DO Tasks</doc>
<tag>Step 9</tag>
<status status="PASS" starttime="20230326 05:01:38.452" endtime="20230326 05:01:40.804"/>
</test>
<test id="s1-t10" name="010:ตรวจสอบ Action การ Completed Task ที่ To Do List ด้วย ภาษาไทย">
<kw name="Wait Until Keyword Succeeds" library="BuiltIn">
<arg>${Thirty_Second}</arg>
<arg>${Two_Seconds}</arg>
<arg>Click Element</arg>
<arg>${Sing_Song_TextList}</arg>
<doc>Runs the specified keyword and retries if it fails.</doc>
<kw name="Click Element" library="Selenium2Library">
<arg>${Sing_Song_TextList}</arg>
<doc>Click the element identified by ``locator``.</doc>
<msg timestamp="20230326 05:01:40.809" level="INFO">Clicking element '//span[text()='ร้องเพลง']'.</msg>
<status status="PASS" starttime="20230326 05:01:40.809" endtime="20230326 05:01:40.844"/>
</kw>
<status status="PASS" starttime="20230326 05:01:40.809" endtime="20230326 05:01:40.844"/>
</kw>
<kw name="Wait Until Keyword Succeeds" library="BuiltIn">
<arg>${Thirty_Second}</arg>
<arg>${Two_Seconds}</arg>
<arg>Click Element</arg>
<arg>${Menu_Completed}</arg>
<doc>Runs the specified keyword and retries if it fails.</doc>
<kw name="Click Element" library="Selenium2Library">
<arg>${Menu_Completed}</arg>
<doc>Click the element identified by ``locator``.</doc>
<msg timestamp="20230326 05:01:40.845" level="INFO">Clicking element '//a[text()='Completed']'.</msg>
<status status="PASS" starttime="20230326 05:01:40.845" endtime="20230326 05:01:40.891"/>
</kw>
<status status="PASS" starttime="20230326 05:01:40.845" endtime="20230326 05:01:40.891"/>
</kw>
<kw name="Wait Until Page Contains Element" library="Selenium2Library">
<arg>${Sing_Song_TextList_Completed_Menu}</arg>
<arg>${Thirty_Second}</arg>
<doc>Waits until the element ``locator`` appears on the current page.</doc>
<status status="PASS" starttime="20230326 05:01:40.891" endtime="20230326 05:01:40.904"/>
</kw>
<for flavor="IN RANGE">
<var>${i}</var>
<value>30</value>
<iter>
<var name="${i}">0</var>
<kw name="Run Keyword And Return Status" library="BuiltIn">
<var>${stat}</var>
<arg>Wait Until Element Is Visible</arg>
<arg>${Sing_Song_TextList_Completed_Menu}</arg>
<doc>Runs the given keyword with given arguments and returns the status as a Boolean value.</doc>
<kw name="Wait Until Element Is Visible" library="Selenium2Library">
<arg>${Sing_Song_TextList_Completed_Menu}</arg>
<doc>Waits until the element ``locator`` is visible.</doc>
<status status="PASS" starttime="20230326 05:01:40.905" endtime="20230326 05:01:40.924"/>
</kw>
<msg timestamp="20230326 05:01:40.924" level="INFO">${stat} = True</msg>
<status status="PASS" starttime="20230326 05:01:40.905" endtime="20230326 05:01:40.924"/>
</kw>
<kw name="Exit For Loop If" library="BuiltIn">
<arg>${stat}</arg>
<doc>Stops executing the enclosing for loop if the ``condition`` is true.</doc>
<msg timestamp="20230326 05:01:40.924" level="INFO">Exiting for loop altogether.</msg>
<status status="PASS" starttime="20230326 05:01:40.924" endtime="20230326 05:01:40.924"/>
</kw>
<status status="PASS" starttime="20230326 05:01:40.904" endtime="20230326 05:01:40.924"/>
</iter>
<status status="PASS" starttime="20230326 05:01:40.904" endtime="20230326 05:01:40.924"/>
</for>
<kw name="Capture Page Screenshot" library="Selenium2Library">
<arg>TCS_10_001.png</arg>
<doc>Takes a screenshot of the current page and embeds it into a log file.</doc>
<msg timestamp="20230326 05:01:41.068" level="INFO" html="true">&lt;/td&gt;&lt;/tr&gt;&lt;tr&gt;&lt;td colspan="3"&gt;&lt;a href="TCS_10_001.png"&gt;&lt;img src="TCS_10_001.png" width="800px"&gt;&lt;/a&gt;</msg>
<status status="PASS" starttime="20230326 05:01:40.924" endtime="20230326 05:01:41.068"/>
</kw>
<doc>- หน้าจอแสดง รายการภาษาไทยที่ Completed ที่ Menu Completed</doc>
<tag>Step 10</tag>
<status status="PASS" starttime="20230326 05:01:40.806" endtime="20230326 05:01:41.072"/>
</test>
<test id="s1-t11" name="011:ตรวจสอบ Action การ delete Item ภาษาไทย">
<kw name="Wait Until Page Contains Element" library="Selenium2Library">
<arg>${Delete_Button_Fst_SingSong_Task_Completed_Menu}</arg>
<arg>${Thirty_Second}</arg>
<doc>Waits until the element ``locator`` appears on the current page.</doc>
<status status="PASS" starttime="20230326 05:01:41.074" endtime="20230326 05:01:41.074"/>
</kw>
<kw name="Wait Until Keyword Succeeds" library="BuiltIn">
<arg>${Thirty_Second}</arg>
<arg>${Two_Seconds}</arg>
<arg>Click Element</arg>
<arg>${Delete_Button_Fst_SingSong_Task_Completed_Menu}</arg>
<doc>Runs the specified keyword and retries if it fails.</doc>
<kw name="Click Element" library="Selenium2Library">
<arg>${Delete_Button_Fst_SingSong_Task_Completed_Menu}</arg>
<doc>Click the element identified by ``locator``.</doc>
<msg timestamp="20230326 05:01:41.089" level="INFO">Clicking element '//span[text()='ร้องเพลง']/following-sibling::button[text()='Delete']'.</msg>
<status status="PASS" starttime="20230326 05:01:41.089" endtime="20230326 05:01:41.125"/>
</kw>
<status status="PASS" starttime="20230326 05:01:41.074" endtime="20230326 05:01:41.125"/>
</kw>
<kw name="Wait Until Keyword Succeeds" library="BuiltIn">
<arg>${Thirty_Second}</arg>
<arg>${Two_Seconds}</arg>
<arg>Element Should Not Be Visible</arg>
<arg>${Sing_Song_TextList_Completed_Menu}</arg>
<doc>Runs the specified keyword and retries if it fails.</doc>
<kw name="Element Should Not Be Visible" library="Selenium2Library">
<arg>${Sing_Song_TextList_Completed_Menu}</arg>
<doc>Verifies that the element identified by ``locator`` is NOT visible.</doc>
<msg timestamp="20230326 05:01:41.125" level="INFO">Element '//button[text()='Delete']/preceding-sibling::span[text()='ร้องเพลง']' did not exist.</msg>
<status status="PASS" starttime="20230326 05:01:41.125" endtime="20230326 05:01:41.125"/>
</kw>
<status status="PASS" starttime="20230326 05:01:41.125" endtime="20230326 05:01:41.125"/>
</kw>
<kw name="Capture Page Screenshot" library="Selenium2Library">
<arg>TCS_11_001.png</arg>
<doc>Takes a screenshot of the current page and embeds it into a log file.</doc>
<msg timestamp="20230326 05:01:41.271" level="INFO" html="true">&lt;/td&gt;&lt;/tr&gt;&lt;tr&gt;&lt;td colspan="3"&gt;&lt;a href="TCS_11_001.png"&gt;&lt;img src="TCS_11_001.png" width="800px"&gt;&lt;/a&gt;</msg>
<status status="PASS" starttime="20230326 05:01:41.125" endtime="20230326 05:01:41.271"/>
</kw>
<kw name="Close Browser" library="Selenium2Library">
<doc>Closes the current browser.</doc>
<status status="PASS" starttime="20230326 05:01:41.271" endtime="20230326 05:01:43.395"/>
</kw>
<doc>- หน้าจอแสดง รายการภาษาไทยที่ Completed ที่ Menu Completed</doc>
<tag>Step 11</tag>
<status status="PASS" starttime="20230326 05:01:41.074" endtime="20230326 05:01:43.395"/>
</test>
<test id="s1-t12" name="012:ตรวจสอบ Action การ delete Item ที่ Menu TO-DO tasks ภาษาไทย">
<kw name="Open URL To Do List" library="Common_keywords">
<kw name="Open Browser" library="Selenium2Library">
<arg>${URL}</arg>
<arg>${Browser}</arg>
<arg>options=add_argument("--ignore-certificate-errors")</arg>
<doc>Opens a new browser instance to the optional ``url``.</doc>
<msg timestamp="20230326 05:01:43.395" level="INFO">Opening browser 'Chrome' to base url 'https://abhigyank.github.io/To-Do-List/'.</msg>
<status status="PASS" starttime="20230326 05:01:43.395" endtime="20230326 05:01:44.997"/>
</kw>
<kw name="Maximize Browser Window" library="Selenium2Library">
<doc>Maximizes current browser window.</doc>
<status status="PASS" starttime="20230326 05:01:44.997" endtime="20230326 05:01:45.122"/>
</kw>
<status status="PASS" starttime="20230326 05:01:43.395" endtime="20230326 05:01:45.122"/>
</kw>
<kw name="Wait Until Page Contains Element" library="Selenium2Library">
<arg>${Title_ToDoList}</arg>
<arg>${Thirty_Second}</arg>
<doc>Waits until the element ``locator`` appears on the current page.</doc>
<status status="PASS" starttime="20230326 05:01:45.122" endtime="20230326 05:01:45.122"/>
</kw>
<kw name="Wait Until Page Contains Element" library="Selenium2Library">
<arg>${Menu_AddItem}</arg>
<arg>${Thirty_Second}</arg>
<doc>Waits until the element ``locator`` appears on the current page.</doc>
<status status="PASS" starttime="20230326 05:01:45.137" endtime="20230326 05:01:45.139"/>
</kw>
<kw name="Wait Until Page Contains Element" library="Selenium2Library">
<arg>${input_list_textbox}</arg>
<arg>${Thirty_Second}</arg>
<doc>Waits until the element ``locator`` appears on the current page.</doc>
<status status="PASS" starttime="20230326 05:01:45.139" endtime="20230326 05:01:45.159"/>
</kw>
<kw name="Wait Until Keyword Succeeds" library="BuiltIn">
<arg>${Thirty_Second}</arg>
<arg>${Two_Seconds}</arg>
<arg>Input Text</arg>
<arg>${input_list_textbox}</arg>
<arg>${Plant_Act}</arg>
<doc>Runs the specified keyword and retries if it fails.</doc>
<kw name="Input Text" library="Selenium2Library">
<arg>${input_list_textbox}</arg>
<arg>${Plant_Act}</arg>
<doc>Types the given ``text`` into the text field identified by ``locator``.</doc>
<msg timestamp="20230326 05:01:45.159" level="INFO">Typing text 'ปลูกป่า' into text field '//input[@id="new-task"]'.</msg>
<status status="PASS" starttime="20230326 05:01:45.159" endtime="20230326 05:01:45.249"/>
</kw>
<status status="PASS" starttime="20230326 05:01:45.159" endtime="20230326 05:01:45.249"/>
</kw>
<kw name="Wait Until Page Contains Element" library="Selenium2Library">
<arg>${Add_Button}</arg>
<arg>${Thirty_Second}</arg>
<doc>Waits until the element ``locator`` appears on the current page.</doc>
<status status="PASS" starttime="20230326 05:01:45.249" endtime="20230326 05:01:45.260"/>
</kw>
<kw name="Wait Until Keyword Succeeds" library="BuiltIn">
<arg>${Thirty_Second}</arg>
<arg>${Two_Seconds}</arg>
<arg>Click Element</arg>
<arg>${Add_Button}</arg>
<doc>Runs the specified keyword and retries if it fails.</doc>
<kw name="Click Element" library="Selenium2Library">
<arg>${Add_Button}</arg>
<doc>Click the element identified by ``locator``.</doc>
<msg timestamp="20230326 05:01:45.261" level="INFO">Clicking element '//i[text()='add']'.</msg>
<status status="PASS" starttime="20230326 05:01:45.261" endtime="20230326 05:01:45.287"/>
</kw>
<status status="PASS" starttime="20230326 05:01:45.261" endtime="20230326 05:01:45.287"/>
</kw>
<kw name="Textfield Value Should Be" library="Selenium2Library">
<arg>${input_list_textbox}</arg>
<arg>${EMPTY}</arg>
<doc>Verifies text field ``locator`` has exactly text ``expected``.</doc>
<msg timestamp="20230326 05:01:45.332" level="INFO">Content of text field '//input[@id="new-task"]' is ''.</msg>
<status status="PASS" starttime="20230326 05:01:45.287" endtime="20230326 05:01:45.332"/>
</kw>
<kw name="Wait Until Keyword Succeeds" library="BuiltIn">
<arg>${Thirty_Second}</arg>
<arg>${Two_Seconds}</arg>
<arg>Click Element</arg>
<arg>${Menu_ToDoTasks}</arg>
<doc>Runs the specified keyword and retries if it fails.</doc>
<kw name="Click Element" library="Selenium2Library">
<arg>${Menu_ToDoTasks}</arg>
<doc>Click the element identified by ``locator``.</doc>
<msg timestamp="20230326 05:01:45.333" level="INFO">Clicking element '//a[text()='To-Do Tasks']'.</msg>
<status status="PASS" starttime="20230326 05:01:45.333" endtime="20230326 05:01:45.382"/>
</kw>
<status status="PASS" starttime="20230326 05:01:45.332" endtime="20230326 05:01:45.382"/>
</kw>
<kw name="Wait Until Page Contains Element" library="Selenium2Library">
<arg>${Plant_TextList_Task_ToDoTask_Menu}</arg>
<arg>${Thirty_Second}</arg>
<doc>Waits until the element ``locator`` appears on the current page.</doc>
<status status="PASS" starttime="20230326 05:01:45.383" endtime="20230326 05:01:45.396"/>
</kw>
<kw name="Wait Until Page Contains Element" library="Selenium2Library">
<arg>${Delete_Button_Fst_Plant_Task_ToDoTasks_Menu}</arg>
<arg>${Thirty_Second}</arg>
<doc>Waits until the element ``locator`` appears on the current page.</doc>
<status status="PASS" starttime="20230326 05:01:45.397" endtime="20230326 05:01:45.408"/>
</kw>
<kw name="Wait Until Keyword Succeeds" library="BuiltIn">
<arg>${Thirty_Second}</arg>
<arg>${Two_Seconds}</arg>
<arg>Click Element</arg>
<arg>${Delete_Button_Fst_Plant_Task_ToDoTasks_Menu}</arg>
<doc>Runs the specified keyword and retries if it fails.</doc>
<kw name="Click Element" library="Selenium2Library">
<arg>${Delete_Button_Fst_Plant_Task_ToDoTasks_Menu}</arg>
<doc>Click the element identified by ``locator``.</doc>
<msg timestamp="20230326 05:01:45.410" level="INFO">Clicking element '(//span[text()='ปลูกป่า']/following::button[text()='Delete'])[1]'.</msg>
<status status="PASS" starttime="20230326 05:01:45.409" endtime="20230326 05:01:45.453"/>
</kw>
<status status="PASS" starttime="20230326 05:01:45.409" endtime="20230326 05:01:45.453"/>
</kw>
<kw name="Wait Until Keyword Succeeds" library="BuiltIn">
<arg>${Thirty_Second}</arg>
<arg>${Two_Seconds}</arg>
<arg>Element Should Not Be Visible</arg>
<arg>${Plant_TextList_Task_ToDoTask_Menu}</arg>
<doc>Runs the specified keyword and retries if it fails.</doc>
<kw name="Element Should Not Be Visible" library="Selenium2Library">
<arg>${Plant_TextList_Task_ToDoTask_Menu}</arg>
<doc>Verifies that the element identified by ``locator`` is NOT visible.</doc>
<msg timestamp="20230326 05:01:45.453" level="INFO">Element '//span[text()='ปลูกป่า']' did not exist.</msg>
<status status="PASS" starttime="20230326 05:01:45.453" endtime="20230326 05:01:45.453"/>
</kw>
<status status="PASS" starttime="20230326 05:01:45.453" endtime="20230326 05:01:45.453"/>
</kw>
<kw name="Capture Page Screenshot" library="Selenium2Library">
<arg>TCS_12_001.png</arg>
<doc>Takes a screenshot of the current page and embeds it into a log file.</doc>
<msg timestamp="20230326 05:01:45.671" level="INFO" html="true">&lt;/td&gt;&lt;/tr&gt;&lt;tr&gt;&lt;td colspan="3"&gt;&lt;a href="TCS_12_001.png"&gt;&lt;img src="TCS_12_001.png" width="800px"&gt;&lt;/a&gt;</msg>
<status status="PASS" starttime="20230326 05:01:45.468" endtime="20230326 05:01:45.671"/>
</kw>
<kw name="Close Browser" library="Selenium2Library">
<doc>Closes the current browser.</doc>
<status status="PASS" starttime="20230326 05:01:45.671" endtime="20230326 05:01:47.804"/>
</kw>
<doc>- '- หน้าจอไม่แสดง รายการที่ Delete ที่ Menu TO-DO Tasks</doc>
<tag>Step 12</tag>
<status status="PASS" starttime="20230326 05:01:43.395" endtime="20230326 05:01:47.804"/>
</test>
<test id="s1-t13" name="013:ตรวจสอบ Action การ Add Item ด้วย กรณีมีตัวเลข">
<kw name="Open URL To Do List" library="Common_keywords">
<kw name="Open Browser" library="Selenium2Library">
<arg>${URL}</arg>
<arg>${Browser}</arg>
<arg>options=add_argument("--ignore-certificate-errors")</arg>
<doc>Opens a new browser instance to the optional ``url``.</doc>
<msg timestamp="20230326 05:01:47.804" level="INFO">Opening browser 'Chrome' to base url 'https://abhigyank.github.io/To-Do-List/'.</msg>
<status status="PASS" starttime="20230326 05:01:47.804" endtime="20230326 05:01:49.406"/>
</kw>
<kw name="Maximize Browser Window" library="Selenium2Library">
<doc>Maximizes current browser window.</doc>
<status status="PASS" starttime="20230326 05:01:49.406" endtime="20230326 05:01:49.520"/>
</kw>
<status status="PASS" starttime="20230326 05:01:47.804" endtime="20230326 05:01:49.520"/>
</kw>
<kw name="Wait Until Keyword Succeeds" library="BuiltIn">
<arg>${Thirty_Second}</arg>
<arg>${Two_Seconds}</arg>
<arg>Input Text</arg>
<arg>${input_list_textbox}</arg>
<arg>${Movie_Part1}</arg>
<doc>Runs the specified keyword and retries if it fails.</doc>
<kw name="Input Text" library="Selenium2Library">
<arg>${input_list_textbox}</arg>
<arg>${Movie_Part1}</arg>
<doc>Types the given ``text`` into the text field identified by ``locator``.</doc>
<msg timestamp="20230326 05:01:49.520" level="INFO">Typing text 'ดูหนังภาค1' into text field '//input[@id="new-task"]'.</msg>
<status status="PASS" starttime="20230326 05:01:49.520" endtime="20230326 05:01:49.618"/>
</kw>
<status status="PASS" starttime="20230326 05:01:49.520" endtime="20230326 05:01:49.618"/>
</kw>
<kw name="Wait Until Page Contains Element" library="Selenium2Library">
<arg>${Add_Button}</arg>
<arg>${Thirty_Second}</arg>
<doc>Waits until the element ``locator`` appears on the current page.</doc>
<status status="PASS" starttime="20230326 05:01:49.618" endtime="20230326 05:01:49.620"/>
</kw>
<kw name="Wait Until Keyword Succeeds" library="BuiltIn">
<arg>${Thirty_Second}</arg>
<arg>${Two_Seconds}</arg>
<arg>Click Element</arg>
<arg>${Add_Button}</arg>
<doc>Runs the specified keyword and retries if it fails.</doc>
<kw name="Click Element" library="Selenium2Library">
<arg>${Add_Button}</arg>
<doc>Click the element identified by ``locator``.</doc>
<msg timestamp="20230326 05:01:49.620" level="INFO">Clicking element '//i[text()='add']'.</msg>
<status status="PASS" starttime="20230326 05:01:49.620" endtime="20230326 05:01:49.669"/>
</kw>
<status status="PASS" starttime="20230326 05:01:49.620" endtime="20230326 05:01:49.669"/>
</kw>
<kw name="Wait Until Keyword Succeeds" library="BuiltIn">
<arg>${Thirty_Second}</arg>
<arg>${Two_Seconds}</arg>
<arg>Click Element</arg>
<arg>${Menu_ToDoTasks}</arg>
<doc>Runs the specified keyword and retries if it fails.</doc>
<kw name="Click Element" library="Selenium2Library">
<arg>${Menu_ToDoTasks}</arg>
<doc>Click the element identified by ``locator``.</doc>
<msg timestamp="20230326 05:01:49.670" level="INFO">Clicking element '//a[text()='To-Do Tasks']'.</msg>
<status status="PASS" starttime="20230326 05:01:49.670" endtime="20230326 05:01:49.719"/>
</kw>
<status status="PASS" starttime="20230326 05:01:49.670" endtime="20230326 05:01:49.719"/>
</kw>
<kw name="Wait Until Page Contains Element" library="Selenium2Library">
<arg>${Movie_Part_1_TextList}</arg>
<arg>${Thirty_Second}</arg>
<doc>Waits until the element ``locator`` appears on the current page.</doc>
<status status="PASS" starttime="20230326 05:01:49.720" endtime="20230326 05:01:49.732"/>
</kw>
<for flavor="IN RANGE">
<var>${i}</var>
<value>30</value>
<iter>
<var name="${i}">0</var>
<kw name="Run Keyword And Return Status" library="BuiltIn">
<var>${stat}</var>
<arg>Wait Until Element Is Visible</arg>
<arg>${Movie_Part_1_TextList}</arg>
<doc>Runs the given keyword with given arguments and returns the status as a Boolean value.</doc>
<kw name="Wait Until Element Is Visible" library="Selenium2Library">
<arg>${Movie_Part_1_TextList}</arg>
<doc>Waits until the element ``locator`` is visible.</doc>
<status status="PASS" starttime="20230326 05:01:49.734" endtime="20230326 05:01:49.753"/>
</kw>
<msg timestamp="20230326 05:01:49.753" level="INFO">${stat} = True</msg>
<status status="PASS" starttime="20230326 05:01:49.733" endtime="20230326 05:01:49.753"/>
</kw>
<kw name="Exit For Loop If" library="BuiltIn">
<arg>${stat}</arg>
<doc>Stops executing the enclosing for loop if the ``condition`` is true.</doc>
<msg timestamp="20230326 05:01:49.753" level="INFO">Exiting for loop altogether.</msg>
<status status="PASS" starttime="20230326 05:01:49.753" endtime="20230326 05:01:49.753"/>
</kw>
<status status="PASS" starttime="20230326 05:01:49.733" endtime="20230326 05:01:49.753"/>
</iter>
<status status="PASS" starttime="20230326 05:01:49.733" endtime="20230326 05:01:49.753"/>
</for>
<kw name="Capture Page Screenshot" library="Selenium2Library">
<arg>TCS_13_001.png</arg>
<doc>Takes a screenshot of the current page and embeds it into a log file.</doc>
<msg timestamp="20230326 05:01:49.943" level="INFO" html="true">&lt;/td&gt;&lt;/tr&gt;&lt;tr&gt;&lt;td colspan="3"&gt;&lt;a href="TCS_13_001.png"&gt;&lt;img src="TCS_13_001.png" width="800px"&gt;&lt;/a&gt;</msg>
<status status="PASS" starttime="20230326 05:01:49.753" endtime="20230326 05:01:49.943"/>
</kw>
<doc>- '- หน้าจอไม่แสดง รายการที่ Delete ที่ Menu TO-DO Tasks</doc>
<tag>Step 13</tag>
<status status="PASS" starttime="20230326 05:01:47.804" endtime="20230326 05:01:49.943"/>
</test>
<test id="s1-t14" name="014:ตรวจสอบ Action การ Completed Task ที่ To Do List กรณีมีตัวเลข">
<kw name="Wait Until Keyword Succeeds" library="BuiltIn">
<arg>${Thirty_Second}</arg>
<arg>${Two_Seconds}</arg>
<arg>Click Element</arg>
<arg>${Movie_Part_1_TextList}</arg>
<doc>Runs the specified keyword and retries if it fails.</doc>
<kw name="Click Element" library="Selenium2Library">
<arg>${Movie_Part_1_TextList}</arg>
<doc>Click the element identified by ``locator``.</doc>
<msg timestamp="20230326 05:01:49.949" level="INFO">Clicking element '//span[text()='ดูหนังภาค1']'.</msg>
<status status="PASS" starttime="20230326 05:01:49.949" endtime="20230326 05:01:49.988"/>
</kw>
<status status="PASS" starttime="20230326 05:01:49.949" endtime="20230326 05:01:49.988"/>
</kw>
<kw name="Wait Until Keyword Succeeds" library="BuiltIn">
<arg>${Thirty_Second}</arg>
<arg>${Two_Seconds}</arg>
<arg>Click Element</arg>
<arg>${Menu_Completed}</arg>
<doc>Runs the specified keyword and retries if it fails.</doc>
<kw name="Click Element" library="Selenium2Library">
<arg>${Menu_Completed}</arg>
<doc>Click the element identified by ``locator``.</doc>
<msg timestamp="20230326 05:01:49.989" level="INFO">Clicking element '//a[text()='Completed']'.</msg>
<status status="PASS" starttime="20230326 05:01:49.989" endtime="20230326 05:01:50.042"/>
</kw>
<status status="PASS" starttime="20230326 05:01:49.989" endtime="20230326 05:01:50.042"/>
</kw>
<kw name="Wait Until Page Contains Element" library="Selenium2Library">
<arg>${Moive_Part_1_TextList_Completed_Menu}</arg>
<arg>${Thirty_Second}</arg>
<doc>Waits until the element ``locator`` appears on the current page.</doc>
<status status="PASS" starttime="20230326 05:01:50.043" endtime="20230326 05:01:50.055"/>
</kw>
<for flavor="IN RANGE">
<var>${i}</var>
<value>30</value>
<iter>
<var name="${i}">0</var>
<kw name="Run Keyword And Return Status" library="BuiltIn">
<var>${stat}</var>
<arg>Wait Until Element Is Visible</arg>
<arg>${Moive_Part_1_TextList_Completed_Menu}</arg>
<doc>Runs the given keyword with given arguments and returns the status as a Boolean value.</doc>
<kw name="Wait Until Element Is Visible" library="Selenium2Library">
<arg>${Moive_Part_1_TextList_Completed_Menu}</arg>
<doc>Waits until the element ``locator`` is visible.</doc>
<status status="PASS" starttime="20230326 05:01:50.057" endtime="20230326 05:01:50.080"/>
</kw>
<msg timestamp="20230326 05:01:50.080" level="INFO">${stat} = True</msg>
<status status="PASS" starttime="20230326 05:01:50.056" endtime="20230326 05:01:50.080"/>
</kw>
<kw name="Exit For Loop If" library="BuiltIn">
<arg>${stat}</arg>
<doc>Stops executing the enclosing for loop if the ``condition`` is true.</doc>
<msg timestamp="20230326 05:01:50.081" level="INFO">Exiting for loop altogether.</msg>
<status status="PASS" starttime="20230326 05:01:50.081" endtime="20230326 05:01:50.081"/>
</kw>
<status status="PASS" starttime="20230326 05:01:50.056" endtime="20230326 05:01:50.081"/>
</iter>
<status status="PASS" starttime="20230326 05:01:50.056" endtime="20230326 05:01:50.081"/>
</for>
<kw name="Capture Page Screenshot" library="Selenium2Library">
<arg>TCS_14_001.png</arg>
<doc>Takes a screenshot of the current page and embeds it into a log file.</doc>
<msg timestamp="20230326 05:01:50.235" level="INFO" html="true">&lt;/td&gt;&lt;/tr&gt;&lt;tr&gt;&lt;td colspan="3"&gt;&lt;a href="TCS_14_001.png"&gt;&lt;img src="TCS_14_001.png" width="800px"&gt;&lt;/a&gt;</msg>
<status status="PASS" starttime="20230326 05:01:50.082" endtime="20230326 05:01:50.235"/>
</kw>
<doc>- หน้าจอแสดง รายการกรณีมีตัวเลขที่ Completed ที่ Menu Completed</doc>
<tag>Step 14</tag>
<status status="PASS" starttime="20230326 05:01:49.945" endtime="20230326 05:01:50.236"/>
</test>
<test id="s1-t15" name="015:ตรวจสอบ Action การ delete Item กรณีมีตัวเลข">
<kw name="Wait Until Page Contains Element" library="Selenium2Library">
<arg>${Delete_Button_Fst_MoviePart1_Task_Completed_Menu}</arg>
<arg>${Thirty_Second}</arg>
<doc>Waits until the element ``locator`` appears on the current page.</doc>
<status status="PASS" starttime="20230326 05:01:50.237" endtime="20230326 05:01:50.237"/>
</kw>
<kw name="Wait Until Keyword Succeeds" library="BuiltIn">
<arg>${Thirty_Second}</arg>
<arg>${Two_Seconds}</arg>
<arg>Click Element</arg>
<arg>${Delete_Button_Fst_MoviePart1_Task_Completed_Menu}</arg>
<doc>Runs the specified keyword and retries if it fails.</doc>
<kw name="Click Element" library="Selenium2Library">
<arg>${Delete_Button_Fst_MoviePart1_Task_Completed_Menu}</arg>
<doc>Click the element identified by ``locator``.</doc>
<msg timestamp="20230326 05:01:50.253" level="INFO">Clicking element '//span[text()='ดูหนังภาค1']/following-sibling::button[text()='Delete']'.</msg>
<status status="PASS" starttime="20230326 05:01:50.251" endtime="20230326 05:01:50.323"/>
</kw>
<status status="PASS" starttime="20230326 05:01:50.251" endtime="20230326 05:01:50.323"/>
</kw>
<kw name="Wait Until Keyword Succeeds" library="BuiltIn">
<arg>${Thirty_Second}</arg>
<arg>${Two_Seconds}</arg>
<arg>Element Should Not Be Visible</arg>
<arg>${Moive_Part_1_TextList_Completed_Menu}</arg>
<doc>Runs the specified keyword and retries if it fails.</doc>
<kw name="Element Should Not Be Visible" library="Selenium2Library">
<arg>${Moive_Part_1_TextList_Completed_Menu}</arg>
<doc>Verifies that the element identified by ``locator`` is NOT visible.</doc>
<msg timestamp="20230326 05:01:50.323" level="INFO">Element '//button[text()='Delete']/preceding-sibling::span[text()='ดูหนังภาค1']' did not exist.</msg>
<status status="PASS" starttime="20230326 05:01:50.323" endtime="20230326 05:01:50.323"/>
</kw>
<status status="PASS" starttime="20230326 05:01:50.323" endtime="20230326 05:01:50.323"/>
</kw>
<kw name="Capture Page Screenshot" library="Selenium2Library">
<arg>TCS_15_001.png</arg>
<doc>Takes a screenshot of the current page and embeds it into a log file.</doc>
<msg timestamp="20230326 05:01:50.450" level="INFO" html="true">&lt;/td&gt;&lt;/tr&gt;&lt;tr&gt;&lt;td colspan="3"&gt;&lt;a href="TCS_15_001.png"&gt;&lt;img src="TCS_15_001.png" width="800px"&gt;&lt;/a&gt;</msg>
<status status="PASS" starttime="20230326 05:01:50.323" endtime="20230326 05:01:50.450"/>
</kw>
<kw name="Close Browser" library="Selenium2Library">
<doc>Closes the current browser.</doc>
<status status="PASS" starttime="20230326 05:01:50.450" endtime="20230326 05:01:52.559"/>
</kw>
<doc>- หน้าจอแสดง รายการภาษาไทยที่ Completed ที่ Menu Completed</doc>
<tag>Step 15</tag>
<status status="PASS" starttime="20230326 05:01:50.237" endtime="20230326 05:01:52.559"/>
</test>
<test id="s1-t16" name="016:ตรวจสอบ Action การ delete Item ที่ Menu TO-DO tasks ภาษาไทย">
<kw name="Open URL To Do List" library="Common_keywords">
<kw name="Open Browser" library="Selenium2Library">
<arg>${URL}</arg>
<arg>${Browser}</arg>
<arg>options=add_argument("--ignore-certificate-errors")</arg>
<doc>Opens a new browser instance to the optional ``url``.</doc>
<msg timestamp="20230326 05:01:52.559" level="INFO">Opening browser 'Chrome' to base url 'https://abhigyank.github.io/To-Do-List/'.</msg>
<status status="PASS" starttime="20230326 05:01:52.559" endtime="20230326 05:01:54.154"/>
</kw>
<kw name="Maximize Browser Window" library="Selenium2Library">
<doc>Maximizes current browser window.</doc>
<status status="PASS" starttime="20230326 05:01:54.154" endtime="20230326 05:01:54.286"/>
</kw>
<status status="PASS" starttime="20230326 05:01:52.559" endtime="20230326 05:01:54.286"/>
</kw>
<kw name="Wait Until Page Contains Element" library="Selenium2Library">
<arg>${Title_ToDoList}</arg>
<arg>${Thirty_Second}</arg>
[...]
<arg>${Add_Button}</arg>
<doc>Click the element identified by ``locator``.</doc>
<msg timestamp="20230326 05:01:58.770" level="INFO">Clicking element '//i[text()='add']'.</msg>
<status status="PASS" starttime="20230326 05:01:58.770" endtime="20230326 05:01:58.810"/>
</kw>
<status status="PASS" starttime="20230326 05:01:58.770" endtime="20230326 05:01:58.810"/>
</kw>
<kw name="Wait Until Keyword Succeeds" library="BuiltIn">
<arg>${Thirty_Second}</arg>
<arg>${Two_Seconds}</arg>
<arg>Click Element</arg>
<arg>${Menu_ToDoTasks}</arg>
<doc>Runs the specified keyword and retries if it fails.</doc>
<kw name="Click Element" library="Selenium2Library">
<arg>${Menu_ToDoTasks}</arg>
<doc>Click the element identified by ``locator``.</doc>
<msg timestamp="20230326 05:01:58.811" level="INFO">Clicking element '//a[text()='To-Do Tasks']'.</msg>
<status status="PASS" starttime="20230326 05:01:58.811" endtime="20230326 05:01:58.858"/>
</kw>
<status status="PASS" starttime="20230326 05:01:58.811" endtime="20230326 05:01:58.858"/>
</kw>
<kw name="Wait Until Page Contains Element" library="Selenium2Library">
<arg>${WorkOut_TextList}</arg>
<arg>${Thirty_Second}</arg>
<doc>Waits until the element ``locator`` appears on the current page.</doc>
<status status="PASS" starttime="20230326 05:01:58.859" endtime="20230326 05:01:58.871"/>
</kw>
<for flavor="IN RANGE">
<var>${i}</var>
<value>30</value>
<iter>
<var name="${i}">0</var>
<kw name="Run Keyword And Return Status" library="BuiltIn">
<var>${stat}</var>
<arg>Wait Until Element Is Visible</arg>
<arg>${WorkOut_TextList}</arg>
<doc>Runs the given keyword with given arguments and returns the status as a Boolean value.</doc>
<kw name="Wait Until Element Is Visible" library="Selenium2Library">
<arg>${WorkOut_TextList}</arg>
<doc>Waits until the element ``locator`` is visible.</doc>
<status status="PASS" starttime="20230326 05:01:58.872" endtime="20230326 05:01:58.891"/>
</kw>
<msg timestamp="20230326 05:01:58.892" level="INFO">${stat} = True</msg>
<status status="PASS" starttime="20230326 05:01:58.872" endtime="20230326 05:01:58.892"/>
</kw>
<kw name="Exit For Loop If" library="BuiltIn">
<arg>${stat}</arg>
<doc>Stops executing the enclosing for loop if the ``condition`` is true.</doc>
<msg timestamp="20230326 05:01:58.892" level="INFO">Exiting for loop altogether.</msg>
<status status="PASS" starttime="20230326 05:01:58.892" endtime="20230326 05:01:58.892"/>
</kw>
<status status="PASS" starttime="20230326 05:01:58.872" endtime="20230326 05:01:58.892"/>
</iter>
<status status="PASS" starttime="20230326 05:01:58.871" endtime="20230326 05:01:58.892"/>
</for>
<kw name="Capture Page Screenshot" library="Selenium2Library">
<arg>TCS_17_001.png</arg>
<doc>Takes a screenshot of the current page and embeds it into a log file.</doc>
<msg timestamp="20230326 05:01:59.138" level="INFO" html="true">&lt;/td&gt;&lt;/tr&gt;&lt;tr&gt;&lt;td colspan="3"&gt;&lt;a href="TCS_17_001.png"&gt;&lt;img src="TCS_17_001.png" width="800px"&gt;&lt;/a&gt;</msg>
<status status="PASS" starttime="20230326 05:01:58.893" endtime="20230326 05:01:59.139"/>
</kw>
<doc>- หน้าจอแสดง รายการภาษาไทยที่ Add ที่ Menu TO-DO Tasks</doc>
<tag>Step 17</tag>
<status status="PASS" starttime="20230326 05:01:56.959" endtime="20230326 05:01:59.140"/>
</test>
<test id="s1-t18" name="018:ตรวจสอบ Action การ Completed Task ที่ To Do List กรณีมีFormวันที่">
<kw name="Wait Until Keyword Succeeds" library="BuiltIn">
<arg>${Thirty_Second}</arg>
<arg>${Two_Seconds}</arg>
<arg>Click Element</arg>
<arg>${WorkOut_TextList}</arg>
<doc>Runs the specified keyword and retries if it fails.</doc>
<kw name="Click Element" library="Selenium2Library">
<arg>${WorkOut_TextList}</arg>
<doc>Click the element identified by ``locator``.</doc>
<msg timestamp="20230326 05:01:59.144" level="INFO">Clicking element '//span[contains(text(),'Workout')]'.</msg>
<status status="PASS" starttime="20230326 05:01:59.143" endtime="20230326 05:01:59.180"/>
</kw>
<status status="PASS" starttime="20230326 05:01:59.143" endtime="20230326 05:01:59.180"/>
</kw>
<kw name="Wait Until Keyword Succeeds" library="BuiltIn">
<arg>${Thirty_Second}</arg>
<arg>${Two_Seconds}</arg>
<arg>Click Element</arg>
<arg>${Menu_Completed}</arg>
<doc>Runs the specified keyword and retries if it fails.</doc>
<kw name="Click Element" library="Selenium2Library">
<arg>${Menu_Completed}</arg>
<doc>Click the element identified by ``locator``.</doc>
<msg timestamp="20230326 05:01:59.181" level="INFO">Clicking element '//a[text()='Completed']'.</msg>
<status status="PASS" starttime="20230326 05:01:59.181" endtime="20230326 05:01:59.226"/>
</kw>
<status status="PASS" starttime="20230326 05:01:59.180" endtime="20230326 05:01:59.226"/>
</kw>
<kw name="Wait Until Page Contains Element" library="Selenium2Library">
<arg>${Workout_TextList_Completed_Menu}</arg>
<arg>${Thirty_Second}</arg>
<doc>Waits until the element ``locator`` appears on the current page.</doc>
<status status="PASS" starttime="20230326 05:01:59.227" endtime="20230326 05:01:59.240"/>
</kw>
<for flavor="IN RANGE">
<var>${i}</var>
<value>30</value>
<iter>
<var name="${i}">0</var>
<kw name="Run Keyword And Return Status" library="BuiltIn">
<var>${stat}</var>
<arg>Wait Until Element Is Visible</arg>
<arg>${Workout_TextList_Completed_Menu}</arg>
<doc>Runs the given keyword with given arguments and returns the status as a Boolean value.</doc>
<kw name="Wait Until Element Is Visible" library="Selenium2Library">
<arg>${Workout_TextList_Completed_Menu}</arg>
<doc>Waits until the element ``locator`` is visible.</doc>
<status status="PASS" starttime="20230326 05:01:59.241" endtime="20230326 05:01:59.259"/>
</kw>
<msg timestamp="20230326 05:01:59.259" level="INFO">${stat} = True</msg>
<status status="PASS" starttime="20230326 05:01:59.241" endtime="20230326 05:01:59.259"/>
</kw>
<kw name="Exit For Loop If" library="BuiltIn">
<arg>${stat}</arg>
<doc>Stops executing the enclosing for loop if the ``condition`` is true.</doc>
<msg timestamp="20230326 05:01:59.259" level="INFO">Exiting for loop altogether.</msg>
<status status="PASS" starttime="20230326 05:01:59.259" endtime="20230326 05:01:59.260"/>
</kw>
<status status="PASS" starttime="20230326 05:01:59.240" endtime="20230326 05:01:59.260"/>
</iter>
<status status="PASS" starttime="20230326 05:01:59.240" endtime="20230326 05:01:59.260"/>
</for>
<kw name="Capture Page Screenshot" library="Selenium2Library">
<arg>TCS_18_001.png</arg>
<doc>Takes a screenshot of the current page and embeds it into a log file.</doc>
<msg timestamp="20230326 05:01:59.383" level="INFO" html="true">&lt;/td&gt;&lt;/tr&gt;&lt;tr&gt;&lt;td colspan="3"&gt;&lt;a href="TCS_18_001.png"&gt;&lt;img src="TCS_18_001.png" width="800px"&gt;&lt;/a&gt;</msg>
<status status="PASS" starttime="20230326 05:01:59.261" endtime="20230326 05:01:59.383"/>
</kw>
<doc>- หน้าจอแสดง รายการกรณีมีFormวันที่ที่ Completed ที่ Menu Completed</doc>
<tag>Step 18</tag>
<status status="PASS" starttime="20230326 05:01:59.141" endtime="20230326 05:01:59.383"/>
</test>
<test id="s1-t19" name="019:ตรวจสอบ Action การ delete Item กรณีมีFormวันที่">
<kw name="Wait Until Page Contains Element" library="Selenium2Library">
<arg>${Delete_Button_Fst_Workout_Task_Completed_Menu}</arg>
<arg>${Thirty_Second}</arg>
<doc>Waits until the element ``locator`` appears on the current page.</doc>
<status status="PASS" starttime="20230326 05:01:59.383" endtime="20230326 05:01:59.399"/>
</kw>
<kw name="Wait Until Keyword Succeeds" library="BuiltIn">
<arg>${Thirty_Second}</arg>
<arg>${Two_Seconds}</arg>
<arg>Click Element</arg>
<arg>${Delete_Button_Fst_Workout_Task_Completed_Menu}</arg>
<doc>Runs the specified keyword and retries if it fails.</doc>
<kw name="Click Element" library="Selenium2Library">
<arg>${Delete_Button_Fst_Workout_Task_Completed_Menu}</arg>
<doc>Click the element identified by ``locator``.</doc>
<msg timestamp="20230326 05:01:59.399" level="INFO">Clicking element '//span[contains(text(),'Workout')]/following-sibling::button[text()='Delete']'.</msg>
<status status="PASS" starttime="20230326 05:01:59.399" endtime="20230326 05:01:59.435"/>
</kw>
<status status="PASS" starttime="20230326 05:01:59.399" endtime="20230326 05:01:59.435"/>
</kw>
<kw name="Wait Until Keyword Succeeds" library="BuiltIn">
<arg>${Thirty_Second}</arg>
<arg>${Two_Seconds}</arg>
<arg>Element Should Not Be Visible</arg>
<arg>${Workout_TextList_Completed_Menu}</arg>
<doc>Runs the specified keyword and retries if it fails.</doc>
<kw name="Element Should Not Be Visible" library="Selenium2Library">
<arg>${Workout_TextList_Completed_Menu}</arg>
<doc>Verifies that the element identified by ``locator`` is NOT visible.</doc>
<msg timestamp="20230326 05:01:59.449" level="INFO">Element '//button[text()='Delete']/preceding-sibling::span[contains(text(),'Workout')]' did not exist.</msg>
<status status="PASS" starttime="20230326 05:01:59.435" endtime="20230326 05:01:59.449"/>
</kw>
<status status="PASS" starttime="20230326 05:01:59.435" endtime="20230326 05:01:59.449"/>
</kw>
<kw name="Capture Page Screenshot" library="Selenium2Library">
<arg>TCS_19_001.png</arg>
<doc>Takes a screenshot of the current page and embeds it into a log file.</doc>
<msg timestamp="20230326 05:01:59.597" level="INFO" html="true">&lt;/td&gt;&lt;/tr&gt;&lt;tr&gt;&lt;td colspan="3"&gt;&lt;a href="TCS_19_001.png"&gt;&lt;img src="TCS_19_001.png" width="800px"&gt;&lt;/a&gt;</msg>
<status status="PASS" starttime="20230326 05:01:59.449" endtime="20230326 05:01:59.597"/>
</kw>
<kw name="Close Browser" library="Selenium2Library">
<doc>Closes the current browser.</doc>
<status status="PASS" starttime="20230326 05:01:59.597" endtime="20230326 05:02:01.705"/>
</kw>
<doc>- หน้าจอไม่แสดง รายการที่ Delete ที่ Menu Completed</doc>
<tag>Step 19</tag>
<status status="PASS" starttime="20230326 05:01:59.383" endtime="20230326 05:02:01.705"/>
</test>
<test id="s1-t20" name="020:ตรวจสอบ Action การ delete Item ที่ Menu TO-DO tasks กรณีมีFormวันที่">
<kw name="Open URL To Do List" library="Common_keywords">
<kw name="Open Browser" library="Selenium2Library">
<arg>${URL}</arg>
<arg>${Browser}</arg>
<arg>options=add_argument("--ignore-certificate-errors")</arg>
<doc>Opens a new browser instance to the optional ``url``.</doc>
<msg timestamp="20230326 05:02:01.709" level="INFO">Opening browser 'Chrome' to base url 'https://abhigyank.github.io/To-Do-List/'.</msg>
<status status="PASS" starttime="20230326 05:02:01.709" endtime="20230326 05:02:03.252"/>
</kw>
<kw name="Maximize Browser Window" library="Selenium2Library">
<doc>Maximizes current browser window.</doc>
<status status="PASS" starttime="20230326 05:02:03.252" endtime="20230326 05:02:03.381"/>
</kw>
<status status="PASS" starttime="20230326 05:02:01.709" endtime="20230326 05:02:03.381"/>
</kw>
<kw name="Wait Until Page Contains Element" library="Selenium2Library">
<arg>${Title_ToDoList}</arg>
<arg>${Thirty_Second}</arg>
<doc>Waits until the element ``locator`` appears on the current page.</doc>
<status status="PASS" starttime="20230326 05:02:03.381" endtime="20230326 05:02:03.381"/>
</kw>
<kw name="Wait Until Page Contains Element" library="Selenium2Library">
<arg>${Menu_AddItem}</arg>
<arg>${Thirty_Second}</arg>
<doc>Waits until the element ``locator`` appears on the current page.</doc>
<status status="PASS" starttime="20230326 05:02:03.395" endtime="20230326 05:02:03.406"/>
</kw>
<kw name="Wait Until Page Contains Element" library="Selenium2Library">
<arg>${input_list_textbox}</arg>
<arg>${Thirty_Second}</arg>
<doc>Waits until the element ``locator`` appears on the current page.</doc>
<status status="PASS" starttime="20230326 05:02:03.407" endtime="20230326 05:02:03.418"/>
</kw>
<kw name="Get Current Date" library="DateTime">
<var>${currentdate}</var>
<arg>result_format=%d/%m/%Y</arg>
<doc>Returns current local or UTC time with an optional increment.</doc>
<msg timestamp="20230326 05:02:03.418" level="INFO">${currentdate} = 26/03/2023</msg>
<status status="PASS" starttime="20230326 05:02:03.418" endtime="20230326 05:02:03.418"/>
</kw>
<kw name="Wait Until Keyword Succeeds" library="BuiltIn">
<arg>${Thirty_Second}</arg>
<arg>${Two_Seconds}</arg>
<arg>Input Text</arg>
<arg>${input_list_textbox}</arg>
<arg>${Workout_Act}${currentdate}</arg>
<doc>Runs the specified keyword and retries if it fails.</doc>
<kw name="Input Text" library="Selenium2Library">
<arg>${input_list_textbox}</arg>
<arg>${Workout_Act}${currentdate}</arg>
<doc>Types the given ``text`` into the text field identified by ``locator``.</doc>
<msg timestamp="20230326 05:02:03.418" level="INFO">Typing text 'Workout26/03/2023' into text field '//input[@id="new-task"]'.</msg>
<status status="PASS" starttime="20230326 05:02:03.418" endtime="20230326 05:02:03.504"/>
</kw>
<status status="PASS" starttime="20230326 05:02:03.418" endtime="20230326 05:02:03.504"/>
</kw>
<kw name="Wait Until Page Contains Element" library="Selenium2Library">
<arg>${Add_Button}</arg>
<arg>${Thirty_Second}</arg>
<doc>Waits until the element ``locator`` appears on the current page.</doc>
<status status="PASS" starttime="20230326 05:02:03.504" endtime="20230326 05:02:03.515"/>
</kw>
<kw name="Wait Until Keyword Succeeds" library="BuiltIn">
<arg>${Thirty_Second}</arg>
<arg>${Two_Seconds}</arg>
<arg>Click Element</arg>
<arg>${Add_Button}</arg>
<doc>Runs the specified keyword and retries if it fails.</doc>
<kw name="Click Element" library="Selenium2Library">
<arg>${Add_Button}</arg>
<doc>Click the element identified by ``locator``.</doc>
<msg timestamp="20230326 05:02:03.516" level="INFO">Clicking element '//i[text()='add']'.</msg>
<status status="PASS" starttime="20230326 05:02:03.516" endtime="20230326 05:02:03.554"/>
</kw>
<status status="PASS" starttime="20230326 05:02:03.516" endtime="20230326 05:02:03.554"/>
</kw>
<kw name="Textfield Value Should Be" library="Selenium2Library">
<arg>${input_list_textbox}</arg>
<arg>${EMPTY}</arg>
<doc>Verifies text field ``locator`` has exactly text ``expected``.</doc>
<msg timestamp="20230326 05:02:03.588" level="INFO">Content of text field '//input[@id="new-task"]' is ''.</msg>
<status status="PASS" starttime="20230326 05:02:03.554" endtime="20230326 05:02:03.588"/>
</kw>
<kw name="Wait Until Keyword Succeeds" library="BuiltIn">
<arg>${Thirty_Second}</arg>
<arg>${Two_Seconds}</arg>
<arg>Click Element</arg>
<arg>${Menu_ToDoTasks}</arg>
<doc>Runs the specified keyword and retries if it fails.</doc>
<kw name="Click Element" library="Selenium2Library">
<arg>${Menu_ToDoTasks}</arg>
<doc>Click the element identified by ``locator``.</doc>
<msg timestamp="20230326 05:02:03.590" level="INFO">Clicking element '//a[text()='To-Do Tasks']'.</msg>
<status status="PASS" starttime="20230326 05:02:03.590" endtime="20230326 05:02:03.637"/>
</kw>
<status status="PASS" starttime="20230326 05:02:03.590" endtime="20230326 05:02:03.637"/>
</kw>
<kw name="Wait Until Page Contains Element" library="Selenium2Library">
<arg>${WorkOut_TextList}</arg>
<arg>${Thirty_Second}</arg>
<doc>Waits until the element ``locator`` appears on the current page.</doc>
<status status="PASS" starttime="20230326 05:02:03.637" endtime="20230326 05:02:03.651"/>
</kw>
<kw name="Wait Until Page Contains Element" library="Selenium2Library">
<arg>${Delete_Button_Fst_Workout_ToDoTasks_Menu}</arg>
<arg>${Thirty_Second}</arg>
<doc>Waits until the element ``locator`` appears on the current page.</doc>
<status status="PASS" starttime="20230326 05:02:03.651" endtime="20230326 05:02:03.662"/>
</kw>
<kw name="Wait Until Keyword Succeeds" library="BuiltIn">
<arg>${Thirty_Second}</arg>
<arg>${Two_Seconds}</arg>
<arg>Click Element</arg>
<arg>${Delete_Button_Fst_Workout_ToDoTasks_Menu}</arg>
<doc>Runs the specified keyword and retries if it fails.</doc>
<kw name="Click Element" library="Selenium2Library">
<arg>${Delete_Button_Fst_Workout_ToDoTasks_Menu}</arg>
<doc>Click the element identified by ``locator``.</doc>
<msg timestamp="20230326 05:02:03.663" level="INFO">Clicking element '(//span[contains(text(),'Workout')]/following::button[text()='Delete'])[1]'.</msg>
<status status="PASS" starttime="20230326 05:02:03.663" endtime="20230326 05:02:03.702"/>
</kw>
<status status="PASS" starttime="20230326 05:02:03.662" endtime="20230326 05:02:03.702"/>
</kw>
<kw name="Wait Until Keyword Succeeds" library="BuiltIn">
<arg>${Thirty_Second}</arg>
<arg>${Two_Seconds}</arg>
<arg>Element Should Not Be Visible</arg>
<arg>${WorkOut_TextList}</arg>
<doc>Runs the specified keyword and retries if it fails.</doc>
<kw name="Element Should Not Be Visible" library="Selenium2Library">
<arg>${WorkOut_TextList}</arg>
<doc>Verifies that the element identified by ``locator`` is NOT visible.</doc>
<msg timestamp="20230326 05:02:03.712" level="INFO">Element '//span[contains(text(),'Workout')]' did not exist.</msg>
<status status="PASS" starttime="20230326 05:02:03.702" endtime="20230326 05:02:03.712"/>
</kw>
<status status="PASS" starttime="20230326 05:02:03.702" endtime="20230326 05:02:03.712"/>
</kw>
<kw name="Capture Page Screenshot" library="Selenium2Library">
<arg>TCS_20_001.png</arg>
<doc>Takes a screenshot of the current page and embeds it into a log file.</doc>
<msg timestamp="20230326 05:02:03.929" level="INFO" html="true">&lt;/td&gt;&lt;/tr&gt;&lt;tr&gt;&lt;td colspan="3"&gt;&lt;a href="TCS_20_001.png"&gt;&lt;img src="TCS_20_001.png" width="800px"&gt;&lt;/a&gt;</msg>
<status status="PASS" starttime="20230326 05:02:03.712" endtime="20230326 05:02:03.929"/>
</kw>
<kw name="Close Browser" library="Selenium2Library">
<doc>Closes the current browser.</doc>
<status status="PASS" starttime="20230326 05:02:03.929" endtime="20230326 05:02:06.037"/>
</kw>
<doc>- หน้าจอไม่แสดง รายการที่ Delete ที่ Menu TO-DO Tasks</doc>
<tag>Step 20</tag>
<status status="PASS" starttime="20230326 05:02:01.705" endtime="20230326 05:02:06.037"/>
</test>
<doc>Suite description</doc>
<status status="PASS" starttime="20230326 05:01:23.085" endtime="20230326 05:02:06.037"/>
</suite>
<statistics>
<total>
<stat pass="20" fail="0" skip="0">All Tests</stat>
</total>
<tag>
<stat pass="1" fail="0" skip="0">Step 1</stat>
<stat pass="1" fail="0" skip="0">Step 10</stat>
<stat pass="1" fail="0" skip="0">Step 11</stat>
<stat pass="1" fail="0" skip="0">Step 12</stat>
<stat pass="1" fail="0" skip="0">Step 13</stat>
<stat pass="1" fail="0" skip="0">Step 14</stat>
<stat pass="1" fail="0" skip="0">Step 15</stat>
<stat pass="1" fail="0" skip="0">Step 16</stat>
<stat pass="1" fail="0" skip="0">Step 17</stat>
<stat pass="1" fail="0" skip="0">Step 18</stat>
<stat pass="1" fail="0" skip="0">Step 19</stat>
<stat pass="1" fail="0" skip="0">Step 2</stat>
<stat pass="1" fail="0" skip="0">Step 20</stat>
<stat pass="1" fail="0" skip="0">Step 3</stat>
<stat pass="1" fail="0" skip="0">Step 4</stat>
<stat pass="1" fail="0" skip="0">Step 5</stat>
<stat pass="1" fail="0" skip="0">Step 6</stat>
<stat pass="1" fail="0" skip="0">Step 7</stat>
<stat pass="1" fail="0" skip="0">Step 8</stat>
<stat pass="1" fail="0" skip="0">Step 9</stat>
</tag>
<suite>
<stat pass="20" fail="0" skip="0" id="s1" name="ToDoList">ToDoList</stat>
</suite>
</statistics>
<errors>
<msg timestamp="20230326 05:01:23.132" level="ERROR">Error in file 'C:\Users\Anakin\Desktop\Script_TC_TodoList\Code\Resources\Keywords\Common_keywords.robot' on line 19: Non-existing setting ''.</msg>
<msg timestamp="20230326 05:01:23.367" level="ERROR">Error in file 'C:\Users\Anakin\Desktop\Script_TC_TodoList\Code\Resources\Keywords\Common_repository.robot' on line 117: Setting variable '${RandCalendarDate}' failed: Variable '${randD}' not found.</msg>
</errors>
</robot>
